#
# There is insufficient memory for the Java Runtime Environment to continue.
# Native memory allocation (mmap) failed to map 6291456 bytes for Failed to commit area from 0x0000000087700000 to 0x0000000087d00000 of length 6291456.
# Possible reasons:
#   The system is out of physical RAM or swap space
#   The process is running with CompressedOops enabled, and the Java Heap may be blocking the growth of the native heap
# Possible solutions:
#   Reduce memory load on the system
#   Increase physical memory or swap space
#   Check if swap backing store is full
#   Decrease Java heap size (-Xmx/-Xms)
#   Decrease number of Java threads
#   Decrease Java thread stack sizes (-Xss)
#   Set larger code cache with -XX:ReservedCodeCacheSize=
#   JVM is running with Unscaled Compressed Oops mode in which the Java heap is
#     placed in the first 4GB address space. The Java Heap base address is the
#     maximum limit for the native heap growth. Please use -XX:HeapBaseMinAddress
#     to set the Java Heap base and to place the Java Heap above 4GB virtual address.
# This output file may be truncated or incomplete.
#
#  Out of Memory Error (./open/src/hotspot/os/windows/os_windows.cpp:3315), pid=6924, tid=9540
#
# JRE version: Java(TM) SE Runtime Environment (14.0.2+12) (build 14.0.2+12-46)
# Java VM: Java HotSpot(TM) 64-Bit Server VM (14.0.2+12-46, mixed mode, sharing, tiered, compressed oops, g1 gc, windows-amd64)
# No core dump will be written. Minidumps are not enabled by default on client versions of Windows
#

---------------  S U M M A R Y ------------

Command Line: --add-opens=java.base/java.util=ALL-UNNAMED --add-opens=java.base/java.lang=ALL-UNNAMED --add-opens=java.base/java.lang.invoke=ALL-UNNAMED --add-opens=java.prefs/java.util.prefs=ALL-UNNAMED -Xmx2048m -Dfile.encoding=UTF-8 -Duser.country=CN -Duser.language=zh -Duser.variant org.gradle.launcher.daemon.bootstrap.GradleDaemon 6.5

Host: Intel(R) Core(TM) i5-8250U CPU @ 1.60GHz, 8 cores, 7G,  Windows 10 , 64 bit Build 19041 (10.0.19041.1023)
Time: Thu Jul  1 22:22:05 2021 中国标准时间 elapsed time: 94 seconds (0d 0h 1m 34s)

---------------  T H R E A D  ---------------

Current thread (0x000001f94f6b4800):  VMThread "VM Thread" [stack: 0x000000564cd00000,0x000000564ce00000] [id=9540]

Stack: [0x000000564cd00000,0x000000564ce00000]
[error occurred during error reporting (printing stack bounds), id 0xc0000005, EXCEPTION_ACCESS_VIOLATION (0xc0000005) at pc=0x000001f938d610ad]

Native frames: (J=compiled Java code, j=interpreted, Vv=VM code, C=native code)
V  [jvm.dll+0x5f8a9a]
V  [jvm.dll+0x74247a]
V  [jvm.dll+0x743c2f]
V  [jvm.dll+0x7441d5]
V  [jvm.dll+0x74418b]
V  [jvm.dll+0x5f7f6f]
V  [jvm.dll+0x5f8738]
C  [ntdll.dll+0xa217f]
C  [ntdll.dll+0x51454]
C  [ntdll.dll+0xa0cae]
C  0x000001f938d610ad

VM_Operation (0x000000564c9ff570): G1Concurrent, mode: safepoint, requested by thread 0x000001f930605800


---------------  P R O C E S S  ---------------

Threads class SMR info:
_java_thread_list=0x000001f9553b5e70, length=152, elements={
0x000001f9305ad000, 0x000001f94f6b6800, 0x000001f94f6b8800, 0x000001f94f6d5000,
0x000001f94f6d9800, 0x000001f94f6db800, 0x000001f94f6dc800, 0x000001f94f6e2000,
0x000001f94f6e3800, 0x000001f95009a000, 0x000001f9500c6800, 0x000001f9520cc000,
0x000001f951892000, 0x000001f9515d0800, 0x000001f950fd0800, 0x000001f9512f5800,
0x000001f950ea2000, 0x000001f951061000, 0x000001f951a4b800, 0x000001f951a46800,
0x000001f951a4a000, 0x000001f951a49000, 0x000001f951a48800, 0x000001f951a46000,
0x000001f952157800, 0x000001f953c66000, 0x000001f953c60800, 0x000001f953c62000,
0x000001f953c61000, 0x000001f953c64800, 0x000001f953c67000, 0x000001f953c67800,
0x000001f953c62800, 0x000001f953c65000, 0x000001f953c69800, 0x000001f953c63800,
0x000001f953c6d800, 0x000001f953c6e000, 0x000001f953c6f000, 0x000001f953c6b800,
0x000001f953c6a000, 0x000001f953c6b000, 0x000001f953c6c800, 0x000001f95214f800,
0x000001f952152800, 0x000001f952150000, 0x000001f95214e800, 0x000001f952151000,
0x000001f952152000, 0x000001f952153800, 0x000001f95214d800, 0x000001f952156800,
0x000001f952159000, 0x000001f952158800, 0x000001f95215a000, 0x000001f952154800,
0x000001f95215b000, 0x000001f952156000, 0x000001f952155000, 0x000001f95215b800,
0x000001f95215c800, 0x000001f951a4a800, 0x000001f951a4c800, 0x000001f951a47800,
0x000001f952416800, 0x000001f952414000, 0x000001f952418000, 0x000001f952415000,
0x000001f95241a800, 0x000001f95241b800, 0x000001f952417800, 0x000001f952419000,
0x000001f95241a000, 0x000001f952416000, 0x000001f952421000, 0x000001f95241f000,
0x000001f95241c800, 0x000001f95241f800, 0x000001f95241e000, 0x000001f952422000,
0x000001f95241d000, 0x000001f952420800, 0x000001f952423000, 0x000001f952066000,
0x000001f952062800, 0x000001f952062000, 0x000001f952063800, 0x000001f952064800,
0x000001f952065000, 0x000001f952060800, 0x000001f952067000, 0x000001f952061000,
0x000001f952069800, 0x000001f952068800, 0x000001f95206c800, 0x000001f95206d800,
0x000001f95206a000, 0x000001f95206b000, 0x000001f95206b800, 0x000001f952067800,
0x000001f95206e000, 0x000001f95206f000, 0x000001f95440e000, 0x000001f95440f000,
0x000001f95440f800, 0x000001f954410800, 0x000001f95440d800, 0x000001f954413000,
0x000001f954412000, 0x000001f954414000, 0x000001f954415800, 0x000001f954416800,
0x000001f954417000, 0x000001f954411800, 0x000001f954414800, 0x000001f954418800,
0x000001f954419800, 0x000001f95441a800, 0x000001f954418000, 0x000001f95441b000,
0x000001f95441c000, 0x000001f9555f4000, 0x000001f9555f5000, 0x000001f9555ef000,
0x000001f9555f3000, 0x000001f9555f5800, 0x000001f9555f1800, 0x000001f9555f0000,
0x000001f9555f2800, 0x000001f9555f6800, 0x000001f9555f0800, 0x000001f9555fd000,
0x000001f9555fa800, 0x000001f9555f9800, 0x000001f9555f7000, 0x000001f9555fb800,
0x000001f9555fc000, 0x000001f9555f9000, 0x000001f9555fe000, 0x000001f9555f8000,
0x000001f95235b800, 0x000001f95235a800, 0x000001f952355800, 0x000001f952359000,
0x000001f952356800, 0x000001f95235c000, 0x000001f95235d000, 0x000001f952357000,
0x000001f95235d800, 0x000001f952358000, 0x000001f952359800, 0x000001f952360000
}

Java Threads: ( => current thread )
  0x000001f9305ad000 JavaThread "main" [_thread_blocked, id=21400, stack(0x000000564c700000,0x000000564c800000)]
  0x000001f94f6b6800 JavaThread "Reference Handler" daemon [_thread_blocked, id=21648, stack(0x000000564ce00000,0x000000564cf00000)]
  0x000001f94f6b8800 JavaThread "Finalizer" daemon [_thread_blocked, id=6448, stack(0x000000564cf00000,0x000000564d000000)]
  0x000001f94f6d5000 JavaThread "Signal Dispatcher" daemon [_thread_blocked, id=14972, stack(0x000000564d000000,0x000000564d100000)]
  0x000001f94f6d9800 JavaThread "Attach Listener" daemon [_thread_blocked, id=24564, stack(0x000000564d100000,0x000000564d200000)]
  0x000001f94f6db800 JavaThread "Service Thread" daemon [_thread_blocked, id=7268, stack(0x000000564d200000,0x000000564d300000)]
  0x000001f94f6dc800 JavaThread "C2 CompilerThread0" daemon [_thread_blocked, id=5096, stack(0x000000564d300000,0x000000564d400000)]
  0x000001f94f6e2000 JavaThread "C1 CompilerThread0" daemon [_thread_blocked, id=19660, stack(0x000000564d400000,0x000000564d500000)]
  0x000001f94f6e3800 JavaThread "Sweeper thread" daemon [_thread_blocked, id=8536, stack(0x000000564d500000,0x000000564d600000)]
  0x000001f95009a000 JavaThread "Common-Cleaner" daemon [_thread_blocked, id=9816, stack(0x000000564d600000,0x000000564d700000)]
  0x000001f9500c6800 JavaThread "Notification Thread" daemon [_thread_blocked, id=18212, stack(0x000000564d700000,0x000000564d800000)]
  0x000001f9520cc000 JavaThread "Daemon health stats" [_thread_blocked, id=17988, stack(0x000000564dd00000,0x000000564de00000)]
  0x000001f951892000 JavaThread "Incoming local TCP Connector on port 12910" [_thread_in_native, id=5556, stack(0x000000564dc00000,0x000000564dd00000)]
  0x000001f9515d0800 JavaThread "Daemon periodic checks" [_thread_blocked, id=11120, stack(0x000000564e000000,0x000000564e100000)]
  0x000001f950fd0800 JavaThread "Daemon" [_thread_blocked, id=22780, stack(0x000000564e100000,0x000000564e200000)]
  0x000001f9512f5800 JavaThread "Handler for socket connection from /127.0.0.1:12910 to /127.0.0.1:12911" [_thread_in_native, id=19388, stack(0x000000564e200000,0x000000564e300000)]
  0x000001f950ea2000 JavaThread "Cancel handler" [_thread_blocked, id=21848, stack(0x000000564e400000,0x000000564e500000)]
  0x000001f951061000 JavaThread "Daemon worker" [_thread_blocked, id=8136, stack(0x000000564e500000,0x000000564e600000)]
  0x000001f951a4b800 JavaThread "Asynchronous log dispatcher for DefaultDaemonConnection: socket connection from /127.0.0.1:12910 to /127.0.0.1:12911" [_thread_blocked, id=17660, stack(0x000000564e600000,0x000000564e700000)]
  0x000001f951a46800 JavaThread "Thread-8" [_thread_blocked, id=21376, stack(0x000000564e800000,0x000000564e900000)]
  0x000001f951a4a000 JavaThread "Cache worker for journal cache (C:\Users\XY\.gradle\caches\journal-1)" [_thread_blocked, id=16112, stack(0x000000564e300000,0x000000564e400000)]
  0x000001f951a49000 JavaThread "File lock request listener" [_thread_in_native, id=21716, stack(0x000000564e900000,0x000000564ea00000)]
  0x000001f951a48800 JavaThread "Cache worker for file hash cache (C:\Users\XY\.gradle\caches\6.5\fileHashes)" [_thread_blocked, id=19128, stack(0x000000564ea00000,0x000000564eb00000)]
  0x000001f951a46000 JavaThread "Cache worker for file hash cache (D:\Projects\MotionLayoutPractice\.gradle\6.5\fileHashes)" [_thread_blocked, id=4712, stack(0x000000564f000000,0x000000564f100000)]
  0x000001f952157800 JavaThread "Cache worker for checksums cache (D:\Projects\MotionLayoutPractice\.gradle\checksums)" [_thread_blocked, id=24404, stack(0x0000005650500000,0x0000005650600000)]
  0x000001f953c66000 JavaThread "Cache worker for cache directory md-supplier (C:\Users\XY\.gradle\caches\6.5\md-supplier)" [_thread_blocked, id=13712, stack(0x0000005650600000,0x0000005650700000)]
  0x000001f953c60800 JavaThread "Cache worker for cache directory md-rule (C:\Users\XY\.gradle\caches\6.5\md-rule)" [_thread_blocked, id=23660, stack(0x0000005650800000,0x0000005650900000)]
  0x000001f953c62000 JavaThread "Cache worker for execution history cache (C:\Users\XY\.gradle\caches\6.5\executionHistory)" [_thread_blocked, id=3140, stack(0x0000005650900000,0x0000005650a00000)]
  0x000001f953c61000 JavaThread "Cache worker for file content cache (C:\Users\XY\.gradle\caches\6.5\fileContent)" [_thread_blocked, id=18332, stack(0x0000005650a00000,0x0000005650b00000)]
  0x000001f953c64800 JavaThread "Cache worker for Build Output Cleanup Cache (D:\Projects\MotionLayoutPractice\.gradle\buildOutputCleanup)" [_thread_blocked, id=2596, stack(0x0000005650b00000,0x0000005650c00000)]
  0x000001f953c67000 JavaThread "Build operations" [_thread_blocked, id=6696, stack(0x0000005650d00000,0x0000005650e00000)]
  0x000001f953c67800 JavaThread "Build operations Thread 2" [_thread_blocked, id=13568, stack(0x0000005650e00000,0x0000005650f00000)]
  0x000001f953c62800 JavaThread "Build operations Thread 3" [_thread_blocked, id=3796, stack(0x0000005650f00000,0x0000005651000000)]
  0x000001f953c65000 JavaThread "Build operations Thread 4" [_thread_blocked, id=3092, stack(0x0000005651000000,0x0000005651100000)]
  0x000001f953c69800 JavaThread "Build operations Thread 5" [_thread_blocked, id=19884, stack(0x0000005651100000,0x0000005651200000)]
  0x000001f953c63800 JavaThread "Build operations Thread 6" [_thread_blocked, id=13732, stack(0x0000005651200000,0x0000005651300000)]
  0x000001f953c6d800 JavaThread "Build operations Thread 7" [_thread_blocked, id=17340, stack(0x0000005651300000,0x0000005651400000)]
  0x000001f953c6e000 JavaThread "Build operations Thread 8" [_thread_blocked, id=15088, stack(0x0000005651400000,0x0000005651500000)]
  0x000001f953c6f000 JavaThread "jar transforms Thread 21" [_thread_blocked, id=16960, stack(0x000000564c400000,0x000000564c500000)]
  0x000001f953c6b800 JavaThread "jar transforms Thread 22" [_thread_blocked, id=1296, stack(0x000000564c500000,0x000000564c600000)]
  0x000001f953c6a000 JavaThread "jar transforms Thread 23" [_thread_blocked, id=18592, stack(0x000000564c600000,0x000000564c700000)]
  0x000001f953c6b000 JavaThread "jar transforms Thread 24" [_thread_blocked, id=6488, stack(0x000000564e700000,0x000000564e800000)]
  0x000001f953c6c800 JavaThread "jar transforms Thread 25" [_thread_blocked, id=11252, stack(0x000000564f100000,0x000000564f200000)]
  0x000001f95214f800 JavaThread "jar transforms Thread 26" [_thread_blocked, id=8348, stack(0x000000564f200000,0x000000564f300000)]
  0x000001f952152800 JavaThread "jar transforms Thread 27" [_thread_blocked, id=18980, stack(0x000000564f300000,0x000000564f400000)]
  0x000001f952150000 JavaThread "jar transforms Thread 28" [_thread_blocked, id=23804, stack(0x000000564f400000,0x000000564f500000)]
  0x000001f95214e800 JavaThread "jar transforms Thread 29" [_thread_blocked, id=21820, stack(0x000000564f500000,0x000000564f600000)]
  0x000001f952151000 JavaThread "jar transforms Thread 30" [_thread_blocked, id=20080, stack(0x000000564f600000,0x000000564f700000)]
  0x000001f952152000 JavaThread "jar transforms Thread 31" [_thread_blocked, id=8748, stack(0x000000564f700000,0x000000564f800000)]
  0x000001f952153800 JavaThread "jar transforms Thread 32" [_thread_blocked, id=12208, stack(0x000000564f800000,0x000000564f900000)]
  0x000001f95214d800 JavaThread "jar transforms Thread 33" [_thread_blocked, id=5072, stack(0x000000564f900000,0x000000564fa00000)]
  0x000001f952156800 JavaThread "jar transforms Thread 34" [_thread_blocked, id=14720, stack(0x000000564fa00000,0x000000564fb00000)]
  0x000001f952159000 JavaThread "jar transforms Thread 35" [_thread_blocked, id=860, stack(0x000000564fb00000,0x000000564fc00000)]
  0x000001f952158800 JavaThread "jar transforms Thread 36" [_thread_blocked, id=11720, stack(0x000000564fc00000,0x000000564fd00000)]
  0x000001f95215a000 JavaThread "jar transforms Thread 37" [_thread_blocked, id=9508, stack(0x000000564fd00000,0x000000564fe00000)]
  0x000001f952154800 JavaThread "jar transforms Thread 38" [_thread_blocked, id=6032, stack(0x000000564fe00000,0x000000564ff00000)]
  0x000001f95215b000 JavaThread "jar transforms Thread 39" [_thread_blocked, id=20748, stack(0x000000564ff00000,0x0000005650000000)]
  0x000001f952156000 JavaThread "jar transforms Thread 40" [_thread_blocked, id=19644, stack(0x0000005650000000,0x0000005650100000)]
  0x000001f952155000 JavaThread "jar transforms Thread 41" [_thread_blocked, id=18788, stack(0x0000005650100000,0x0000005650200000)]
  0x000001f95215b800 JavaThread "jar transforms Thread 42" [_thread_blocked, id=3608, stack(0x0000005650200000,0x0000005650300000)]
  0x000001f95215c800 JavaThread "jar transforms Thread 43" [_thread_blocked, id=23156, stack(0x0000005650300000,0x0000005650400000)]
  0x000001f951a4a800 JavaThread "jar transforms Thread 44" [_thread_blocked, id=10204, stack(0x0000005650400000,0x0000005650500000)]
  0x000001f951a4c800 JavaThread "jar transforms Thread 45" [_thread_blocked, id=19092, stack(0x0000005651500000,0x0000005651600000)]
  0x000001f951a47800 JavaThread "jar transforms Thread 46" [_thread_blocked, id=21492, stack(0x0000005651600000,0x0000005651700000)]
  0x000001f952416800 JavaThread "jar transforms Thread 47" [_thread_blocked, id=11208, stack(0x0000005651700000,0x0000005651800000)]
  0x000001f952414000 JavaThread "jar transforms Thread 48" [_thread_blocked, id=14020, stack(0x0000005651800000,0x0000005651900000)]
  0x000001f952418000 JavaThread "jar transforms Thread 49" [_thread_blocked, id=14712, stack(0x0000005651900000,0x0000005651a00000)]
  0x000001f952415000 JavaThread "jar transforms Thread 50" [_thread_blocked, id=9476, stack(0x0000005651a00000,0x0000005651b00000)]
  0x000001f95241a800 JavaThread "jar transforms Thread 51" [_thread_blocked, id=2084, stack(0x0000005651b00000,0x0000005651c00000)]
  0x000001f95241b800 JavaThread "jar transforms Thread 52" [_thread_blocked, id=21200, stack(0x0000005651c00000,0x0000005651d00000)]
  0x000001f952417800 JavaThread "jar transforms Thread 53" [_thread_blocked, id=10028, stack(0x0000005651d00000,0x0000005651e00000)]
  0x000001f952419000 JavaThread "jar transforms Thread 54" [_thread_blocked, id=18404, stack(0x0000005651e00000,0x0000005651f00000)]
  0x000001f95241a000 JavaThread "jar transforms Thread 55" [_thread_blocked, id=20844, stack(0x0000005651f00000,0x0000005652000000)]
  0x000001f952416000 JavaThread "jar transforms Thread 56" [_thread_blocked, id=20716, stack(0x0000005652000000,0x0000005652100000)]
  0x000001f952421000 JavaThread "jar transforms Thread 57" [_thread_blocked, id=10440, stack(0x0000005652100000,0x0000005652200000)]
  0x000001f95241f000 JavaThread "jar transforms Thread 58" [_thread_blocked, id=13716, stack(0x0000005652200000,0x0000005652300000)]
  0x000001f95241c800 JavaThread "jar transforms Thread 59" [_thread_blocked, id=15428, stack(0x0000005652300000,0x0000005652400000)]
  0x000001f95241f800 JavaThread "jar transforms Thread 60" [_thread_blocked, id=19600, stack(0x0000005652400000,0x0000005652500000)]
  0x000001f95241e000 JavaThread "jar transforms Thread 61" [_thread_blocked, id=20876, stack(0x0000005652500000,0x0000005652600000)]
  0x000001f952422000 JavaThread "jar transforms Thread 62" [_thread_blocked, id=14488, stack(0x0000005652600000,0x0000005652700000)]
  0x000001f95241d000 JavaThread "jar transforms Thread 63" [_thread_blocked, id=20996, stack(0x0000005652700000,0x0000005652800000)]
  0x000001f952420800 JavaThread "jar transforms Thread 64" [_thread_blocked, id=7828, stack(0x0000005652800000,0x0000005652900000)]
  0x000001f952423000 JavaThread "jar transforms Thread 65" [_thread_blocked, id=11260, stack(0x0000005652900000,0x0000005652a00000)]
  0x000001f952066000 JavaThread "jar transforms Thread 66" [_thread_blocked, id=12204, stack(0x0000005652a00000,0x0000005652b00000)]
  0x000001f952062800 JavaThread "jar transforms Thread 67" [_thread_blocked, id=22276, stack(0x0000005652b00000,0x0000005652c00000)]
  0x000001f952062000 JavaThread "jar transforms Thread 68" [_thread_blocked, id=7464, stack(0x0000005652c00000,0x0000005652d00000)]
  0x000001f952063800 JavaThread "jar transforms Thread 69" [_thread_blocked, id=9416, stack(0x0000005652d00000,0x0000005652e00000)]
  0x000001f952064800 JavaThread "jar transforms Thread 70" [_thread_blocked, id=21164, stack(0x0000005652e00000,0x0000005652f00000)]
  0x000001f952065000 JavaThread "jar transforms Thread 71" [_thread_blocked, id=6328, stack(0x0000005652f00000,0x0000005653000000)]
  0x000001f952060800 JavaThread "jar transforms Thread 72" [_thread_blocked, id=2516, stack(0x0000005653000000,0x0000005653100000)]
  0x000001f952067000 JavaThread "jar transforms Thread 73" [_thread_blocked, id=11552, stack(0x0000005653100000,0x0000005653200000)]
  0x000001f952061000 JavaThread "jar transforms Thread 74" [_thread_blocked, id=19552, stack(0x0000005653200000,0x0000005653300000)]
  0x000001f952069800 JavaThread "jar transforms Thread 75" [_thread_blocked, id=17008, stack(0x0000005653300000,0x0000005653400000)]
  0x000001f952068800 JavaThread "jar transforms Thread 76" [_thread_blocked, id=19560, stack(0x0000005653400000,0x0000005653500000)]
  0x000001f95206c800 JavaThread "jar transforms Thread 77" [_thread_blocked, id=9292, stack(0x0000005653500000,0x0000005653600000)]
  0x000001f95206d800 JavaThread "jar transforms Thread 78" [_thread_blocked, id=21184, stack(0x0000005653600000,0x0000005653700000)]
  0x000001f95206a000 JavaThread "jar transforms Thread 79" [_thread_blocked, id=15116, stack(0x0000005653700000,0x0000005653800000)]
  0x000001f95206b000 JavaThread "jar transforms Thread 80" [_thread_blocked, id=15264, stack(0x0000005653800000,0x0000005653900000)]
  0x000001f95206b800 JavaThread "jar transforms Thread 81" [_thread_blocked, id=24108, stack(0x0000005653900000,0x0000005653a00000)]
  0x000001f952067800 JavaThread "jar transforms Thread 82" [_thread_blocked, id=20320, stack(0x0000005653a00000,0x0000005653b00000)]
  0x000001f95206e000 JavaThread "jar transforms Thread 83" [_thread_blocked, id=16868, stack(0x0000005653b00000,0x0000005653c00000)]
  0x000001f95206f000 JavaThread "jar transforms Thread 84" [_thread_blocked, id=10648, stack(0x0000005653c00000,0x0000005653d00000)]
  0x000001f95440e000 JavaThread "jar transforms Thread 85" [_thread_blocked, id=10064, stack(0x0000005653d00000,0x0000005653e00000)]
  0x000001f95440f000 JavaThread "jar transforms Thread 86" [_thread_blocked, id=1576, stack(0x0000005653e00000,0x0000005653f00000)]
  0x000001f95440f800 JavaThread "jar transforms Thread 87" [_thread_blocked, id=22188, stack(0x0000005653f00000,0x0000005654000000)]
  0x000001f954410800 JavaThread "jar transforms Thread 88" [_thread_blocked, id=23896, stack(0x0000005654000000,0x0000005654100000)]
  0x000001f95440d800 JavaThread "jar transforms Thread 89" [_thread_blocked, id=9860, stack(0x0000005654100000,0x0000005654200000)]
  0x000001f954413000 JavaThread "jar transforms Thread 90" [_thread_blocked, id=5888, stack(0x0000005654200000,0x0000005654300000)]
  0x000001f954412000 JavaThread "jar transforms Thread 91" [_thread_blocked, id=17212, stack(0x0000005654300000,0x0000005654400000)]
  0x000001f954414000 JavaThread "jar transforms Thread 92" [_thread_blocked, id=24120, stack(0x0000005654400000,0x0000005654500000)]
  0x000001f954415800 JavaThread "jar transforms Thread 93" [_thread_blocked, id=6532, stack(0x0000005654500000,0x0000005654600000)]
  0x000001f954416800 JavaThread "jar transforms Thread 94" [_thread_blocked, id=3776, stack(0x0000005654600000,0x0000005654700000)]
  0x000001f954417000 JavaThread "jar transforms Thread 95" [_thread_blocked, id=16452, stack(0x0000005654700000,0x0000005654800000)]
  0x000001f954411800 JavaThread "jar transforms Thread 96" [_thread_blocked, id=20968, stack(0x0000005654800000,0x0000005654900000)]
  0x000001f954414800 JavaThread "jar transforms Thread 97" [_thread_blocked, id=1460, stack(0x0000005654900000,0x0000005654a00000)]
  0x000001f954418800 JavaThread "jar transforms Thread 98" [_thread_blocked, id=11332, stack(0x0000005654a00000,0x0000005654b00000)]
  0x000001f954419800 JavaThread "jar transforms Thread 99" [_thread_blocked, id=19432, stack(0x0000005654b00000,0x0000005654c00000)]
  0x000001f95441a800 JavaThread "jar transforms Thread 100" [_thread_blocked, id=16968, stack(0x0000005654c00000,0x0000005654d00000)]
  0x000001f954418000 JavaThread "jar transforms Thread 101" [_thread_blocked, id=12264, stack(0x0000005654d00000,0x0000005654e00000)]
  0x000001f95441b000 JavaThread "jar transforms Thread 102" [_thread_blocked, id=22212, stack(0x0000005654e00000,0x0000005654f00000)]
  0x000001f95441c000 JavaThread "jar transforms Thread 103" [_thread_blocked, id=4652, stack(0x0000005654f00000,0x0000005655000000)]
  0x000001f9555f4000 JavaThread "jar transforms Thread 104" [_thread_blocked, id=10856, stack(0x0000005655000000,0x0000005655100000)]
  0x000001f9555f5000 JavaThread "jar transforms Thread 105" [_thread_blocked, id=23904, stack(0x0000005655100000,0x0000005655200000)]
  0x000001f9555ef000 JavaThread "jar transforms Thread 106" [_thread_blocked, id=18048, stack(0x0000005655200000,0x0000005655300000)]
  0x000001f9555f3000 JavaThread "jar transforms Thread 107" [_thread_blocked, id=6432, stack(0x0000005655300000,0x0000005655400000)]
  0x000001f9555f5800 JavaThread "jar transforms Thread 108" [_thread_blocked, id=7664, stack(0x0000005655400000,0x0000005655500000)]
  0x000001f9555f1800 JavaThread "jar transforms Thread 109" [_thread_blocked, id=9808, stack(0x0000005655500000,0x0000005655600000)]
  0x000001f9555f0000 JavaThread "jar transforms Thread 110" [_thread_blocked, id=22680, stack(0x0000005655600000,0x0000005655700000)]
  0x000001f9555f2800 JavaThread "jar transforms Thread 111" [_thread_blocked, id=20776, stack(0x0000005655700000,0x0000005655800000)]
  0x000001f9555f6800 JavaThread "jar transforms Thread 112" [_thread_blocked, id=6616, stack(0x0000005655800000,0x0000005655900000)]
  0x000001f9555f0800 JavaThread "jar transforms Thread 113" [_thread_blocked, id=8620, stack(0x0000005655900000,0x0000005655a00000)]
  0x000001f9555fd000 JavaThread "jar transforms Thread 114" [_thread_blocked, id=11324, stack(0x0000005655a00000,0x0000005655b00000)]
  0x000001f9555fa800 JavaThread "jar transforms Thread 115" [_thread_blocked, id=13392, stack(0x0000005655b00000,0x0000005655c00000)]
  0x000001f9555f9800 JavaThread "jar transforms Thread 116" [_thread_blocked, id=23316, stack(0x0000005655c00000,0x0000005655d00000)]
  0x000001f9555f7000 JavaThread "jar transforms Thread 117" [_thread_blocked, id=4984, stack(0x0000005655d00000,0x0000005655e00000)]
  0x000001f9555fb800 JavaThread "jar transforms Thread 118" [_thread_blocked, id=18768, stack(0x0000005655e00000,0x0000005655f00000)]
  0x000001f9555fc000 JavaThread "jar transforms Thread 119" [_thread_blocked, id=23432, stack(0x0000005655f00000,0x0000005656000000)]
  0x000001f9555f9000 JavaThread "jar transforms Thread 120" [_thread_blocked, id=19824, stack(0x0000005656000000,0x0000005656100000)]
  0x000001f9555fe000 JavaThread "jar transforms Thread 121" [_thread_blocked, id=14648, stack(0x0000005656100000,0x0000005656200000)]
  0x000001f9555f8000 JavaThread "jar transforms Thread 122" [_thread_blocked, id=9660, stack(0x0000005656200000,0x0000005656300000)]
  0x000001f95235b800 JavaThread "jar transforms Thread 123" [_thread_blocked, id=14612, stack(0x0000005656300000,0x0000005656400000)]
  0x000001f95235a800 JavaThread "jar transforms Thread 124" [_thread_blocked, id=17520, stack(0x0000005656400000,0x0000005656500000)]
  0x000001f952355800 JavaThread "jar transforms Thread 125" [_thread_blocked, id=20832, stack(0x0000005656500000,0x0000005656600000)]
  0x000001f952359000 JavaThread "jar transforms Thread 126" [_thread_blocked, id=13584, stack(0x0000005656600000,0x0000005656700000)]
  0x000001f952356800 JavaThread "jar transforms Thread 127" [_thread_blocked, id=17456, stack(0x0000005656700000,0x0000005656800000)]
  0x000001f95235c000 JavaThread "jar transforms Thread 128" [_thread_blocked, id=17296, stack(0x0000005656800000,0x0000005656900000)]
  0x000001f95235d000 JavaThread "jar transforms Thread 129" [_thread_blocked, id=13116, stack(0x0000005656900000,0x0000005656a00000)]
  0x000001f952357000 JavaThread "jar transforms Thread 130" [_thread_blocked, id=8032, stack(0x0000005656a00000,0x0000005656b00000)]
  0x000001f95235d800 JavaThread "jar transforms Thread 131" [_thread_blocked, id=18948, stack(0x0000005656b00000,0x0000005656c00000)]
  0x000001f952358000 JavaThread "jar transforms Thread 132" [_thread_blocked, id=5688, stack(0x0000005656c00000,0x0000005656d00000)]
  0x000001f952359800 JavaThread "jar transforms Thread 133" [_thread_blocked, id=17516, stack(0x0000005656d00000,0x0000005656e00000)]
  0x000001f952360000 JavaThread "jar transforms Thread 134" [_thread_blocked, id=23216, stack(0x0000005656e00000,0x0000005656f00000)]

Other Threads:
=>0x000001f94f6b4800 VMThread "VM Thread" [stack: 0x000000564cd00000,0x000000564ce00000] [id=9540]
  0x000001f9500f9000 WatcherThread [stack: 0x000000564d800000,0x000000564d900000] [id=14480]
  0x000001f9305f4000 GCTaskThread "GC Thread#0" [stack: 0x000000564c800000,0x000000564c900000] [id=22744]
  0x000001f9509b4000 GCTaskThread "GC Thread#1" [stack: 0x000000564d900000,0x000000564da00000] [id=16104]
  0x000001f950a66000 GCTaskThread "GC Thread#2" [stack: 0x000000564da00000,0x000000564db00000] [id=19496]
  0x000001f9521cb800 GCTaskThread "GC Thread#3" [stack: 0x000000564eb00000,0x000000564ec00000] [id=9532]
  0x000001f951a0a000 GCTaskThread "GC Thread#4" [stack: 0x000000564ec00000,0x000000564ed00000] [id=20416]
  0x000001f950bd7000 GCTaskThread "GC Thread#5" [stack: 0x000000564ed00000,0x000000564ee00000] [id=5008]
  0x000001f9511de800 GCTaskThread "GC Thread#6" [stack: 0x000000564ee00000,0x000000564ef00000] [id=12148]
  0x000001f951860800 GCTaskThread "GC Thread#7" [stack: 0x000000564ef00000,0x000000564f000000] [id=18312]
  0x000001f930605800 ConcurrentGCThread "G1 Main Marker" [stack: 0x000000564c900000,0x000000564ca00000] [id=10220]
  0x000001f930607800 ConcurrentGCThread "G1 Conc#0" [stack: 0x000000564ca00000,0x000000564cb00000] [id=13368]
  0x000001f950697000 ConcurrentGCThread "G1 Conc#1" [stack: 0x0000005650700000,0x0000005650800000] [id=1256]
  0x000001f94f525800 ConcurrentGCThread "G1 Refine#0" [stack: 0x000000564cb00000,0x000000564cc00000] [id=12764]
  0x000001f95016d800 ConcurrentGCThread "G1 Refine#1" [stack: 0x000000564db00000,0x000000564dc00000] [id=13052]
  0x000001f94f526800 ConcurrentGCThread "G1 Young RemSet Sampling" [stack: 0x000000564cc00000,0x000000564cd00000] [id=11592]

Threads with active compile tasks:

VM state:at safepoint (normal execution)

VM Mutex/Monitor currently owned by a thread:  ([mutex/lock_event])
[0x000001f9305a86c0] Threads_lock - owner thread: 0x000001f94f6b4800
[0x000001f9305a8120] Heap_lock - owner thread: 0x000001f930605800

Heap address: 0x0000000080000000, size: 2048 MB, Compressed Oops mode: 32-bit
Narrow klass base: 0x0000000800000000, Narrow klass shift: 3
Compressed class space size: 1073741824 Address: 0x0000000800b30000

Heap:
 garbage-first heap   total 129024K, used 82616K [0x0000000080000000, 0x0000000100000000)
  region size 1024K, 12 young (12288K), 5 survivors (5120K)
 Metaspace       used 50690K, capacity 52085K, committed 52352K, reserved 1095680K
  class space    used 6565K, capacity 7017K, committed 7040K, reserved 1048576K
Heap Regions: E=young(eden), S=young(survivor), O=old, HS=humongous(starts), HC=humongous(continues), CS=collection set, F=free, OA=open archive, CA=closed archive, TAMS=top-at-mark-start (previous, next)
|   0|0x0000000080000000, 0x0000000080100000, 0x0000000080100000|100%| O|  |TAMS 0x0000000080100000, 0x0000000080000000| Updating 
|   1|0x0000000080100000, 0x0000000080200000, 0x0000000080200000|100%| O|  |TAMS 0x0000000080200000, 0x0000000080100000| Updating 
|   2|0x0000000080200000, 0x0000000080300000, 0x0000000080300000|100%| O|  |TAMS 0x0000000080200000, 0x0000000080200000| Untracked 
|   3|0x0000000080300000, 0x0000000080400000, 0x0000000080400000|100%|HS|  |TAMS 0x0000000080400000, 0x0000000080300000| Complete 
|   4|0x0000000080400000, 0x0000000080500000, 0x0000000080500000|100%|HC|  |TAMS 0x0000000080500000, 0x0000000080400000| Complete 
|   5|0x0000000080500000, 0x0000000080600000, 0x0000000080600000|100%|HC|  |TAMS 0x0000000080600000, 0x0000000080500000| Complete 
|   6|0x0000000080600000, 0x0000000080700000, 0x0000000080700000|100%| O|  |TAMS 0x0000000080700000, 0x0000000080600000| Updating 
|   7|0x0000000080700000, 0x0000000080800000, 0x0000000080800000|100%| O|  |TAMS 0x0000000080800000, 0x0000000080700000| Updating 
|   8|0x0000000080800000, 0x0000000080900000, 0x0000000080900000|100%| O|  |TAMS 0x0000000080900000, 0x0000000080800000| Updating 
|   9|0x0000000080900000, 0x0000000080a00000, 0x0000000080a00000|100%|HS|  |TAMS 0x0000000080a00000, 0x0000000080900000| Complete 
|  10|0x0000000080a00000, 0x0000000080b00000, 0x0000000080b00000|100%|HC|  |TAMS 0x0000000080b00000, 0x0000000080a00000| Complete 
|  11|0x0000000080b00000, 0x0000000080c00000, 0x0000000080c00000|100%|HS|  |TAMS 0x0000000080c00000, 0x0000000080b00000| Complete 
|  12|0x0000000080c00000, 0x0000000080d00000, 0x0000000080d00000|100%|HC|  |TAMS 0x0000000080d00000, 0x0000000080c00000| Complete 
|  13|0x0000000080d00000, 0x0000000080e00000, 0x0000000080e00000|100%|HC|  |TAMS 0x0000000080e00000, 0x0000000080d00000| Complete 
|  14|0x0000000080e00000, 0x0000000080f00000, 0x0000000080f00000|100%|HS|  |TAMS 0x0000000080f00000, 0x0000000080e00000| Complete 
|  15|0x0000000080f00000, 0x0000000081000000, 0x0000000081000000|100%|HC|  |TAMS 0x0000000081000000, 0x0000000080f00000| Complete 
|  16|0x0000000081000000, 0x0000000081100000, 0x0000000081100000|100%|HC|  |TAMS 0x0000000081100000, 0x0000000081000000| Complete 
|  17|0x0000000081100000, 0x0000000081200000, 0x0000000081200000|100%|HC|  |TAMS 0x0000000081200000, 0x0000000081100000| Complete 
|  18|0x0000000081200000, 0x0000000081300000, 0x0000000081300000|100%| O|  |TAMS 0x0000000081300000, 0x0000000081200000| Updating 
|  19|0x0000000081300000, 0x0000000081400000, 0x0000000081400000|100%| O|  |TAMS 0x0000000081400000, 0x0000000081300000| Updating 
|  20|0x0000000081400000, 0x00000000814f9600, 0x0000000081500000| 97%| O|  |TAMS 0x00000000814f9600, 0x0000000081400000| Updating 
|  21|0x0000000081500000, 0x0000000081600000, 0x0000000081600000|100%| O|  |TAMS 0x0000000081600000, 0x0000000081500000| Updating 
|  22|0x0000000081600000, 0x0000000081700000, 0x0000000081700000|100%| O|  |TAMS 0x0000000081700000, 0x0000000081600000| Updating 
|  23|0x0000000081700000, 0x0000000081800000, 0x0000000081800000|100%| O|  |TAMS 0x0000000081800000, 0x0000000081700000| Updating 
|  24|0x0000000081800000, 0x0000000081900000, 0x0000000081900000|100%| O|  |TAMS 0x0000000081900000, 0x0000000081800000| Updating 
|  25|0x0000000081900000, 0x0000000081a00000, 0x0000000081a00000|100%| O|  |TAMS 0x0000000081a00000, 0x0000000081900000| Updating 
|  26|0x0000000081a00000, 0x0000000081b00000, 0x0000000081b00000|100%| O|  |TAMS 0x0000000081b00000, 0x0000000081a00000| Updating 
|  27|0x0000000081b00000, 0x0000000081c00000, 0x0000000081c00000|100%| O|  |TAMS 0x0000000081c00000, 0x0000000081b00000| Updating 
|  28|0x0000000081c00000, 0x0000000081d00000, 0x0000000081d00000|100%| O|  |TAMS 0x0000000081d00000, 0x0000000081c00000| Updating 
|  29|0x0000000081d00000, 0x0000000081e00000, 0x0000000081e00000|100%| O|  |TAMS 0x0000000081e00000, 0x0000000081d00000| Updating 
|  30|0x0000000081e00000, 0x0000000081f00000, 0x0000000081f00000|100%| O|  |TAMS 0x0000000081f00000, 0x0000000081e00000| Updating 
|  31|0x0000000081f00000, 0x0000000082000000, 0x0000000082000000|100%| O|  |TAMS 0x0000000082000000, 0x0000000081f00000| Updating 
|  32|0x0000000082000000, 0x0000000082100000, 0x0000000082100000|100%| O|  |TAMS 0x0000000082100000, 0x0000000082000000| Updating 
|  33|0x0000000082100000, 0x0000000082200000, 0x0000000082200000|100%|HS|  |TAMS 0x0000000082200000, 0x0000000082100000| Complete 
|  34|0x0000000082200000, 0x0000000082300000, 0x0000000082300000|100%|HC|  |TAMS 0x0000000082300000, 0x0000000082200000| Complete 
|  35|0x0000000082300000, 0x0000000082400000, 0x0000000082400000|100%|HC|  |TAMS 0x0000000082400000, 0x0000000082300000| Complete 
|  36|0x0000000082400000, 0x0000000082500000, 0x0000000082500000|100%|HC|  |TAMS 0x0000000082500000, 0x0000000082400000| Complete 
|  37|0x0000000082500000, 0x0000000082600000, 0x0000000082600000|100%| O|  |TAMS 0x0000000082500000, 0x0000000082500000| Untracked 
|  38|0x0000000082600000, 0x0000000082700000, 0x0000000082700000|100%| O|  |TAMS 0x0000000082700000, 0x0000000082600000| Updating 
|  39|0x0000000082700000, 0x0000000082800000, 0x0000000082800000|100%| O|  |TAMS 0x0000000082800000, 0x0000000082700000| Updating 
|  40|0x0000000082800000, 0x0000000082900000, 0x0000000082900000|100%| O|  |TAMS 0x0000000082900000, 0x0000000082800000| Updating 
|  41|0x0000000082900000, 0x0000000082a00000, 0x0000000082a00000|100%| O|  |TAMS 0x0000000082a00000, 0x0000000082900000| Updating 
|  42|0x0000000082a00000, 0x0000000082b00000, 0x0000000082b00000|100%| O|  |TAMS 0x0000000082a00000, 0x0000000082a00000| Untracked 
|  43|0x0000000082b00000, 0x0000000082c00000, 0x0000000082c00000|100%| O|  |TAMS 0x0000000082c00000, 0x0000000082b00000| Updating 
|  44|0x0000000082c00000, 0x0000000082d00000, 0x0000000082d00000|100%| O|  |TAMS 0x0000000082d00000, 0x0000000082c00000| Updating 
|  45|0x0000000082d00000, 0x0000000082e00000, 0x0000000082e00000|100%| O|  |TAMS 0x0000000082e00000, 0x0000000082d00000| Updating 
|  46|0x0000000082e00000, 0x0000000082f00000, 0x0000000082f00000|100%| O|  |TAMS 0x0000000082f00000, 0x0000000082e00000| Updating 
|  47|0x0000000082f00000, 0x0000000083000000, 0x0000000083000000|100%| O|  |TAMS 0x0000000083000000, 0x0000000082f00000| Updating 
|  48|0x0000000083000000, 0x0000000083100000, 0x0000000083100000|100%| O|  |TAMS 0x0000000083000000, 0x0000000083000000| Untracked 
|  49|0x0000000083100000, 0x0000000083200000, 0x0000000083200000|100%| O|  |TAMS 0x0000000083200000, 0x0000000083100000| Updating 
|  50|0x0000000083200000, 0x0000000083300000, 0x0000000083300000|100%| O|  |TAMS 0x0000000083300000, 0x0000000083200000| Updating 
|  51|0x0000000083300000, 0x0000000083400000, 0x0000000083400000|100%| O|  |TAMS 0x0000000083300000, 0x0000000083300000| Untracked 
|  52|0x0000000083400000, 0x0000000083500000, 0x0000000083500000|100%| O|  |TAMS 0x0000000083400000, 0x0000000083400000| Untracked 
|  53|0x0000000083500000, 0x0000000083600000, 0x0000000083600000|100%| O|  |TAMS 0x0000000083500000, 0x0000000083500000| Untracked 
|  54|0x0000000083600000, 0x0000000083700000, 0x0000000083700000|100%| O|  |TAMS 0x0000000083600000, 0x0000000083600000| Untracked 
|  55|0x0000000083700000, 0x00000000837b4c00, 0x0000000083800000| 70%| O|  |TAMS 0x0000000083700000, 0x0000000083700000| Updating 
|  56|0x0000000083800000, 0x0000000083800000, 0x0000000083900000|  0%| F|  |TAMS 0x0000000083800000, 0x0000000083800000| Untracked 
|  57|0x0000000083900000, 0x0000000083900000, 0x0000000083a00000|  0%| F|  |TAMS 0x0000000083900000, 0x0000000083900000| Untracked 
|  58|0x0000000083a00000, 0x0000000083b00000, 0x0000000083b00000|100%| O|  |TAMS 0x0000000083b00000, 0x0000000083a00000| Updating 
|  59|0x0000000083b00000, 0x0000000083c00000, 0x0000000083c00000|100%| O|  |TAMS 0x0000000083c00000, 0x0000000083b00000| Updating 
|  60|0x0000000083c00000, 0x0000000083d00000, 0x0000000083d00000|100%| O|  |TAMS 0x0000000083d00000, 0x0000000083c00000| Updating 
|  61|0x0000000083d00000, 0x0000000083e00000, 0x0000000083e00000|100%|HS|  |TAMS 0x0000000083e00000, 0x0000000083d00000| Complete 
|  62|0x0000000083e00000, 0x0000000083f00000, 0x0000000083f00000|100%|HC|  |TAMS 0x0000000083f00000, 0x0000000083e00000| Complete 
|  63|0x0000000083f00000, 0x0000000084000000, 0x0000000084000000|100%|HC|  |TAMS 0x0000000084000000, 0x0000000083f00000| Complete 
|  64|0x0000000084000000, 0x0000000084100000, 0x0000000084100000|100%| O|  |TAMS 0x0000000084100000, 0x0000000084000000| Updating 
|  65|0x0000000084100000, 0x0000000084200000, 0x0000000084200000|100%| O|  |TAMS 0x0000000084200000, 0x0000000084100000| Updating 
|  66|0x0000000084200000, 0x0000000084300000, 0x0000000084300000|100%| O|  |TAMS 0x0000000084300000, 0x0000000084200000| Updating 
|  67|0x0000000084300000, 0x0000000084400000, 0x0000000084400000|100%| O|  |TAMS 0x0000000084400000, 0x0000000084300000| Updating 
|  68|0x0000000084400000, 0x0000000084500000, 0x0000000084500000|100%| O|  |TAMS 0x0000000084500000, 0x0000000084400000| Updating 
|  69|0x0000000084500000, 0x0000000084600000, 0x0000000084600000|100%| O|  |TAMS 0x0000000084600000, 0x0000000084500000| Updating 
|  70|0x0000000084600000, 0x0000000084700000, 0x0000000084700000|100%| O|  |TAMS 0x0000000084700000, 0x0000000084600000| Updating 
|  71|0x0000000084700000, 0x0000000084800000, 0x0000000084800000|100%| O|  |TAMS 0x0000000084800000, 0x0000000084700000| Updating 
|  72|0x0000000084800000, 0x0000000084900000, 0x0000000084900000|100%| O|  |TAMS 0x0000000084900000, 0x0000000084800000| Updating 
|  73|0x0000000084900000, 0x0000000084900000, 0x0000000084a00000|  0%| F|  |TAMS 0x0000000084900000, 0x0000000084900000| Untracked 
|  74|0x0000000084a00000, 0x0000000084a00000, 0x0000000084b00000|  0%| F|  |TAMS 0x0000000084a00000, 0x0000000084a00000| Untracked 
|  75|0x0000000084b00000, 0x0000000084b00000, 0x0000000084c00000|  0%| F|  |TAMS 0x0000000084b00000, 0x0000000084b00000| Untracked 
|  76|0x0000000084c00000, 0x0000000084c00000, 0x0000000084d00000|  0%| F|  |TAMS 0x0000000084c00000, 0x0000000084c00000| Untracked 
|  77|0x0000000084d00000, 0x0000000084d00000, 0x0000000084e00000|  0%| F|  |TAMS 0x0000000084d00000, 0x0000000084d00000| Untracked 
|  78|0x0000000084e00000, 0x0000000084e00000, 0x0000000084f00000|  0%| F|  |TAMS 0x0000000084e00000, 0x0000000084e00000| Untracked 
|  79|0x0000000084f00000, 0x0000000084f00000, 0x0000000085000000|  0%| F|  |TAMS 0x0000000084f00000, 0x0000000084f00000| Untracked 
|  80|0x0000000085000000, 0x0000000085000000, 0x0000000085100000|  0%| F|  |TAMS 0x0000000085000000, 0x0000000085000000| Untracked 
|  81|0x0000000085100000, 0x0000000085200000, 0x0000000085200000|100%| S|CS|TAMS 0x0000000085100000, 0x0000000085100000| Complete 
|  82|0x0000000085200000, 0x0000000085300000, 0x0000000085300000|100%| S|CS|TAMS 0x0000000085200000, 0x0000000085200000| Complete 
|  83|0x0000000085300000, 0x0000000085400000, 0x0000000085400000|100%| S|CS|TAMS 0x0000000085300000, 0x0000000085300000| Complete 
|  84|0x0000000085400000, 0x0000000085500000, 0x0000000085500000|100%| S|CS|TAMS 0x0000000085400000, 0x0000000085400000| Complete 
|  85|0x0000000085500000, 0x0000000085600000, 0x0000000085600000|100%| S|CS|TAMS 0x0000000085500000, 0x0000000085500000| Complete 
|  86|0x0000000085600000, 0x0000000085600000, 0x0000000085700000|  0%| F|  |TAMS 0x0000000085600000, 0x0000000085600000| Untracked 
|  87|0x0000000085700000, 0x0000000085700000, 0x0000000085800000|  0%| F|  |TAMS 0x0000000085700000, 0x0000000085700000| Untracked 
|  88|0x0000000085800000, 0x0000000085800000, 0x0000000085900000|  0%| F|  |TAMS 0x0000000085800000, 0x0000000085800000| Untracked 
|  89|0x0000000085900000, 0x0000000085900000, 0x0000000085a00000|  0%| F|  |TAMS 0x0000000085900000, 0x0000000085900000| Untracked 
|  90|0x0000000085a00000, 0x0000000085a00000, 0x0000000085b00000|  0%| F|  |TAMS 0x0000000085a00000, 0x0000000085a00000| Untracked 
|  91|0x0000000085b00000, 0x0000000085b00000, 0x0000000085c00000|  0%| F|  |TAMS 0x0000000085b00000, 0x0000000085b00000| Untracked 
|  92|0x0000000085c00000, 0x0000000085c00000, 0x0000000085d00000|  0%| F|  |TAMS 0x0000000085c00000, 0x0000000085c00000| Untracked 
|  93|0x0000000085d00000, 0x0000000085d00000, 0x0000000085e00000|  0%| F|  |TAMS 0x0000000085d00000, 0x0000000085d00000| Untracked 
|  94|0x0000000085e00000, 0x0000000085e00000, 0x0000000085f00000|  0%| F|  |TAMS 0x0000000085e00000, 0x0000000085e00000| Untracked 
|  95|0x0000000085f00000, 0x0000000085f00000, 0x0000000086000000|  0%| F|  |TAMS 0x0000000085f00000, 0x0000000085f00000| Untracked 
|  96|0x0000000086000000, 0x0000000086000000, 0x0000000086100000|  0%| F|  |TAMS 0x0000000086000000, 0x0000000086000000| Untracked 
|  97|0x0000000086100000, 0x0000000086100000, 0x0000000086200000|  0%| F|  |TAMS 0x0000000086100000, 0x0000000086100000| Untracked 
|  98|0x0000000086200000, 0x0000000086200000, 0x0000000086300000|  0%| F|  |TAMS 0x0000000086200000, 0x0000000086200000| Untracked 
|  99|0x0000000086300000, 0x0000000086300000, 0x0000000086400000|  0%| F|  |TAMS 0x0000000086300000, 0x0000000086300000| Untracked 
| 100|0x0000000086400000, 0x0000000086400000, 0x0000000086500000|  0%| F|  |TAMS 0x0000000086400000, 0x0000000086400000| Untracked 
| 101|0x0000000086500000, 0x0000000086500000, 0x0000000086600000|  0%| F|  |TAMS 0x0000000086500000, 0x0000000086500000| Untracked 
| 102|0x0000000086600000, 0x0000000086600000, 0x0000000086700000|  0%| F|  |TAMS 0x0000000086600000, 0x0000000086600000| Untracked 
| 103|0x0000000086700000, 0x0000000086700000, 0x0000000086800000|  0%| F|  |TAMS 0x0000000086700000, 0x0000000086700000| Untracked 
| 104|0x0000000086800000, 0x0000000086800000, 0x0000000086900000|  0%| F|  |TAMS 0x0000000086800000, 0x0000000086800000| Untracked 
| 105|0x0000000086900000, 0x0000000086900000, 0x0000000086a00000|  0%| F|  |TAMS 0x0000000086900000, 0x0000000086900000| Untracked 
| 106|0x0000000086a00000, 0x0000000086a00000, 0x0000000086b00000|  0%| F|  |TAMS 0x0000000086a00000, 0x0000000086a00000| Untracked 
| 107|0x0000000086b00000, 0x0000000086b00000, 0x0000000086c00000|  0%| F|  |TAMS 0x0000000086b00000, 0x0000000086b00000| Untracked 
| 108|0x0000000086c00000, 0x0000000086c00000, 0x0000000086d00000|  0%| F|  |TAMS 0x0000000086c00000, 0x0000000086c00000| Untracked 
| 109|0x0000000086d00000, 0x0000000086d00000, 0x0000000086e00000|  0%| F|  |TAMS 0x0000000086d00000, 0x0000000086d00000| Untracked 
| 110|0x0000000086e00000, 0x0000000086e00000, 0x0000000086f00000|  0%| F|  |TAMS 0x0000000086e00000, 0x0000000086e00000| Untracked 
| 111|0x0000000086f00000, 0x0000000086f00000, 0x0000000087000000|  0%| F|  |TAMS 0x0000000086f00000, 0x0000000086f00000| Untracked 
| 112|0x0000000087000000, 0x0000000087000000, 0x0000000087100000|  0%| F|  |TAMS 0x0000000087000000, 0x0000000087000000| Untracked 
| 113|0x0000000087100000, 0x00000000871afcd8, 0x0000000087200000| 68%| E|  |TAMS 0x0000000087100000, 0x0000000087100000| Complete 
| 114|0x0000000087200000, 0x0000000087300000, 0x0000000087300000|100%| E|CS|TAMS 0x0000000087200000, 0x0000000087200000| Complete 
| 115|0x0000000087300000, 0x0000000087400000, 0x0000000087400000|100%| E|  |TAMS 0x0000000087300000, 0x0000000087300000| Complete 
| 116|0x0000000087400000, 0x0000000087500000, 0x0000000087500000|100%| E|CS|TAMS 0x0000000087400000, 0x0000000087400000| Complete 
| 117|0x0000000087500000, 0x0000000087600000, 0x0000000087600000|100%| E|CS|TAMS 0x0000000087500000, 0x0000000087500000| Complete 
| 118|0x0000000087600000, 0x0000000087700000, 0x0000000087700000|100%| E|CS|TAMS 0x0000000087600000, 0x0000000087600000| Complete 
| 125|0x0000000087d00000, 0x0000000087e00000, 0x0000000087e00000|100%| E|CS|TAMS 0x0000000087d00000, 0x0000000087d00000| Complete 

Card table byte_map: [0x000001f948490000,0x000001f948890000] _byte_map_base: 0x000001f948090000

Marking Bits (Prev, Next): (CMBitMap*) 0x000001f9305f4e68, (CMBitMap*) 0x000001f9305f4ea8
 Prev Bits: [0x000001f948c90000, 0x000001f94ac90000)
 Next Bits: [0x000001f94ac90000, 0x000001f94cc90000)

Polling page: 0x000001f92fd90000

Metaspace:

Usage:
  Non-class:     44.01 MB capacity,    43.09 MB ( 98%) used,   829.58 KB (  2%) free+waste,   113.94 KB ( <1%) overhead. 
      Class:      6.85 MB capacity,     6.41 MB ( 94%) used,   396.78 KB (  6%) free+waste,    54.38 KB ( <1%) overhead. 
       Both:     50.86 MB capacity,    49.50 MB ( 97%) used,     1.20 MB (  2%) free+waste,   168.31 KB ( <1%) overhead. 

Virtual space:
  Non-class space:       46.00 MB reserved,      44.25 MB ( 96%) committed 
      Class space:        1.00 GB reserved,       6.88 MB ( <1%) committed 
             Both:        1.04 GB reserved,      51.13 MB (  5%) committed 

Chunk freelists:
   Non-Class:  52.00 KB
       Class:  23.00 KB
        Both:  75.00 KB

MaxMetaspaceSize: 17179869184.00 GB
CompressedClassSpaceSize: 1.00 GB

CodeHeap 'non-profiled nmethods': size=120000Kb used=3302Kb max_used=3302Kb free=116698Kb
 bounds [0x000001f940830000, 0x000001f940b70000, 0x000001f947d60000]
CodeHeap 'profiled nmethods': size=120000Kb used=13506Kb max_used=14753Kb free=106493Kb
 bounds [0x000001f939300000, 0x000001f93a170000, 0x000001f940830000]
CodeHeap 'non-nmethods': size=5760Kb used=2369Kb max_used=2415Kb free=3390Kb
 bounds [0x000001f938d60000, 0x000001f938fd0000, 0x000001f939300000]
 total_blobs=6985 nmethods=6130 adapters=767
 compilation: enabled
              stopped_count=0, restarted_count=0
 full_count=0

Compilation events (20 events):
Event: 94.566 Thread 0x000001f94f6dc800 7078       4       com.google.common.collect.AbstractIterator::hasNext (65 bytes)
Event: 94.586 Thread 0x000001f94f6dc800 nmethod 7078 0x000001f940b63190 code [0x000001f940b63480, 0x000001f940b64298]
Event: 94.586 Thread 0x000001f94f6dc800 7079       4       org.gradle.internal.hash.HashingOutputStream::write (23 bytes)
Event: 94.589 Thread 0x000001f94f6dc800 nmethod 7079 0x000001f940b64890 code [0x000001f940b64a80, 0x000001f940b64cf8]
Event: 94.661 Thread 0x000001f94f6dc800 7080   !   4       org.gradle.internal.hash.Hashing$CloningMessageDigestHashFunction::createDigest (21 bytes)
Event: 94.677 Thread 0x000001f94f6dc800 nmethod 7080 0x000001f940b64f90 code [0x000001f940b651a0, 0x000001f940b659f8]
Event: 94.677 Thread 0x000001f94f6dc800 7081       4       com.google.common.collect.AbstractIterator::next (34 bytes)
Event: 94.680 Thread 0x000001f94f6dc800 nmethod 7081 0x000001f940b65d10 code [0x000001f940b65ea0, 0x000001f940b66088]
Event: 94.680 Thread 0x000001f94f6dc800 7082       4       org.gradle.api.internal.changedetection.state.ZipHasher$ZipEntryRelativePath::<init> (6 bytes)
Event: 94.682 Thread 0x000001f94f6dc800 nmethod 7082 0x000001f940b66190 code [0x000001f940b66300, 0x000001f940b66438]
Event: 94.682 Thread 0x000001f94f6dc800 7083       4       org.gradle.api.internal.file.archive.JdkZipEntry::isDirectory (8 bytes)
Event: 94.687 Thread 0x000001f94f6dc800 nmethod 7083 0x000001f940b66490 code [0x000001f940b66660, 0x000001f940b667f8]
Event: 94.733 Thread 0x000001f94f6dc800 7084       4       org.gradle.internal.fingerprint.impl.DefaultFileSystemLocationFingerprint::<init> (19 bytes)
Event: 94.740 Thread 0x000001f94f6dc800 nmethod 7084 0x000001f940b66990 code [0x000001f940b66b40, 0x000001f940b66e38]
Event: 94.740 Thread 0x000001f94f6dc800 7086       4       org.gradle.api.internal.changedetection.state.RuntimeClasspathResourceHasher::hash (20 bytes)
Event: 94.779 Thread 0x000001f94f6dc800 nmethod 7086 0x000001f940b66f90 code [0x000001f940b67260, 0x000001f940b67e70]
Event: 94.779 Thread 0x000001f94f6dc800 7087       4       org.gradle.internal.hash.HashingOutputStream::<init> (28 bytes)
Event: 94.798 Thread 0x000001f94f6dc800 nmethod 7087 0x000001f940b68a10 code [0x000001f940b68c00, 0x000001f940b69528]
Event: 94.935 Thread 0x000001f94f6e2000 7088       3       java.lang.String::regionMatches (150 bytes)
Event: 94.937 Thread 0x000001f94f6e2000 nmethod 7088 0x000001f939334990 code [0x000001f939334be0, 0x000001f939335428]

GC Heap History (20 events):
Event: 33.824 GC heap before
{Heap before GC invocations=15 (full 0):
 garbage-first heap   total 109568K, used 88421K [0x0000000080000000, 0x0000000100000000)
  region size 1024K, 36 young (36864K), 3 survivors (3072K)
 Metaspace       used 50466K, capacity 51880K, committed 52096K, reserved 1093632K
  class space    used 6559K, capacity 7016K, committed 7040K, reserved 1048576K
}
Event: 33.829 GC heap after
{Heap after GC invocations=16 (full 0):
 garbage-first heap   total 109568K, used 55934K [0x0000000080000000, 0x0000000100000000)
  region size 1024K, 3 young (3072K), 3 survivors (3072K)
 Metaspace       used 50466K, capacity 51880K, committed 52096K, reserved 1093632K
  class space    used 6559K, capacity 7016K, committed 7040K, reserved 1048576K
}
Event: 36.702 GC heap before
{Heap before GC invocations=17 (full 0):
 garbage-first heap   total 109568K, used 90750K [0x0000000080000000, 0x0000000100000000)
  region size 1024K, 38 young (38912K), 3 survivors (3072K)
 Metaspace       used 50470K, capacity 51884K, committed 52096K, reserved 1093632K
  class space    used 6559K, capacity 7016K, committed 7040K, reserved 1048576K
}
Event: 36.706 GC heap after
{Heap after GC invocations=18 (full 0):
 garbage-first heap   total 109568K, used 55855K [0x0000000080000000, 0x0000000100000000)
  region size 1024K, 3 young (3072K), 3 survivors (3072K)
 Metaspace       used 50470K, capacity 51884K, committed 52096K, reserved 1093632K
  class space    used 6559K, capacity 7016K, committed 7040K, reserved 1048576K
}
Event: 38.166 GC heap before
{Heap before GC invocations=18 (full 0):
 garbage-first heap   total 109568K, used 90671K [0x0000000080000000, 0x0000000100000000)
  region size 1024K, 38 young (38912K), 3 survivors (3072K)
 Metaspace       used 50471K, capacity 51884K, committed 52096K, reserved 1093632K
  class space    used 6559K, capacity 7016K, committed 7040K, reserved 1048576K
}
Event: 38.171 GC heap after
{Heap after GC invocations=19 (full 0):
 garbage-first heap   total 109568K, used 55827K [0x0000000080000000, 0x0000000100000000)
  region size 1024K, 3 young (3072K), 3 survivors (3072K)
 Metaspace       used 50471K, capacity 51884K, committed 52096K, reserved 1093632K
  class space    used 6559K, capacity 7016K, committed 7040K, reserved 1048576K
}
Event: 39.405 GC heap before
{Heap before GC invocations=20 (full 0):
 garbage-first heap   total 109568K, used 91667K [0x0000000080000000, 0x0000000100000000)
  region size 1024K, 39 young (39936K), 3 survivors (3072K)
 Metaspace       used 50482K, capacity 51884K, committed 52096K, reserved 1093632K
  class space    used 6559K, capacity 7016K, committed 7040K, reserved 1048576K
}
Event: 39.409 GC heap after
{Heap after GC invocations=21 (full 0):
 garbage-first heap   total 109568K, used 55764K [0x0000000080000000, 0x0000000100000000)
  region size 1024K, 3 young (3072K), 3 survivors (3072K)
 Metaspace       used 50482K, capacity 51884K, committed 52096K, reserved 1093632K
  class space    used 6559K, capacity 7016K, committed 7040K, reserved 1048576K
}
Event: 83.083 GC heap before
{Heap before GC invocations=21 (full 0):
 garbage-first heap   total 109568K, used 93652K [0x0000000080000000, 0x0000000100000000)
  region size 1024K, 40 young (40960K), 3 survivors (3072K)
 Metaspace       used 50499K, capacity 51885K, committed 52096K, reserved 1093632K
  class space    used 6559K, capacity 7016K, committed 7040K, reserved 1048576K
}
Event: 83.087 GC heap after
{Heap after GC invocations=22 (full 0):
 garbage-first heap   total 109568K, used 55759K [0x0000000080000000, 0x0000000100000000)
  region size 1024K, 3 young (3072K), 3 survivors (3072K)
 Metaspace       used 50499K, capacity 51885K, committed 52096K, reserved 1093632K
  class space    used 6559K, capacity 7016K, committed 7040K, reserved 1048576K
}
Event: 93.889 GC heap before
{Heap before GC invocations=23 (full 0):
 garbage-first heap   total 109568K, used 92623K [0x0000000080000000, 0x0000000100000000)
  region size 1024K, 40 young (40960K), 3 survivors (3072K)
 Metaspace       used 50655K, capacity 52085K, committed 52352K, reserved 1095680K
  class space    used 6565K, capacity 7017K, committed 7040K, reserved 1048576K
}
Event: 93.897 GC heap after
{Heap after GC invocations=24 (full 0):
 garbage-first heap   total 109568K, used 64024K [0x0000000080000000, 0x0000000100000000)
  region size 1024K, 5 young (5120K), 5 survivors (5120K)
 Metaspace       used 50655K, capacity 52085K, committed 52352K, reserved 1095680K
  class space    used 6565K, capacity 7017K, committed 7040K, reserved 1048576K
}
Event: 94.182 GC heap before
{Heap before GC invocations=24 (full 0):
 garbage-first heap   total 109568K, used 87576K [0x0000000080000000, 0x0000000100000000)
  region size 1024K, 29 young (29696K), 5 survivors (5120K)
 Metaspace       used 50685K, capacity 52085K, committed 52352K, reserved 1095680K
  class space    used 6565K, capacity 7017K, committed 7040K, reserved 1048576K
}
Event: 94.188 GC heap after
{Heap after GC invocations=25 (full 0):
 garbage-first heap   total 109568K, used 62596K [0x0000000080000000, 0x0000000100000000)
  region size 1024K, 1 young (1024K), 1 survivors (1024K)
 Metaspace       used 50685K, capacity 52085K, committed 52352K, reserved 1095680K
  class space    used 6565K, capacity 7017K, committed 7040K, reserved 1048576K
}
Event: 94.512 GC heap before
{Heap before GC invocations=26 (full 0):
 garbage-first heap   total 122880K, used 93316K [0x0000000080000000, 0x0000000100000000)
  region size 1024K, 28 young (28672K), 1 survivors (1024K)
 Metaspace       used 50689K, capacity 52085K, committed 52352K, reserved 1095680K
  class space    used 6565K, capacity 7017K, committed 7040K, reserved 1048576K
}
Event: 94.516 GC heap after
{Heap after GC invocations=27 (full 0):
 garbage-first heap   total 122880K, used 72931K [0x0000000080000000, 0x0000000100000000)
  region size 1024K, 4 young (4096K), 4 survivors (4096K)
 Metaspace       used 50689K, capacity 52085K, committed 52352K, reserved 1095680K
  class space    used 6565K, capacity 7017K, committed 7040K, reserved 1048576K
}
Event: 94.536 GC heap before
{Heap before GC invocations=27 (full 0):
 garbage-first heap   total 122880K, used 73955K [0x0000000080000000, 0x0000000100000000)
  region size 1024K, 6 young (6144K), 4 survivors (4096K)
 Metaspace       used 50689K, capacity 52085K, committed 52352K, reserved 1095680K
  class space    used 6565K, capacity 7017K, committed 7040K, reserved 1048576K
}
Event: 94.546 GC heap after
{Heap after GC invocations=28 (full 0):
 garbage-first heap   total 122880K, used 64380K [0x0000000080000000, 0x0000000100000000)
  region size 1024K, 1 young (1024K), 1 survivors (1024K)
 Metaspace       used 50689K, capacity 52085K, committed 52352K, reserved 1095680K
  class space    used 6565K, capacity 7017K, committed 7040K, reserved 1048576K
}
Event: 94.868 GC heap before
{Heap before GC invocations=28 (full 0):
 garbage-first heap   total 122880K, used 98172K [0x0000000080000000, 0x0000000100000000)
  region size 1024K, 34 young (34816K), 1 survivors (1024K)
 Metaspace       used 50690K, capacity 52085K, committed 52352K, reserved 1095680K
  class space    used 6565K, capacity 7017K, committed 7040K, reserved 1048576K
}
Event: 94.873 GC heap after
{Heap after GC invocations=29 (full 0):
 garbage-first heap   total 122880K, used 77496K [0x0000000080000000, 0x0000000100000000)
  region size 1024K, 5 young (5120K), 5 survivors (5120K)
 Metaspace       used 50690K, capacity 52085K, committed 52352K, reserved 1095680K
  class space    used 6565K, capacity 7017K, committed 7040K, reserved 1048576K
}

Deoptimization events (20 events):
Event: 94.045 Thread 0x000001f951061000 DEOPT PACKING pc=0x000001f940962e4c sp=0x000000564e5fa6e0
Event: 94.045 Thread 0x000001f951061000 DEOPT UNPACKING pc=0x000001f938da912f sp=0x000000564e5fa658 mode 2
Event: 94.045 Thread 0x000001f951061000 Uncommon trap: trap_request=0xffffff45 fr.pc=0x000001f940961c3c relative=0x00000000000008fc
Event: 94.045 Thread 0x000001f951061000 Uncommon trap: reason=unstable_if action=reinterpret pc=0x000001f940961c3c method=java.util.zip.ZipFile$CleanableResource.releaseInflater(Ljava/util/zip/Inflater;)V @ 6 c2
Event: 94.045 Thread 0x000001f951061000 DEOPT PACKING pc=0x000001f940961c3c sp=0x000000564e5fa660
Event: 94.045 Thread 0x000001f951061000 DEOPT UNPACKING pc=0x000001f938da912f sp=0x000000564e5fa648 mode 2
Event: 94.089 Thread 0x000001f951061000 Uncommon trap: trap_request=0xffffff45 fr.pc=0x000001f94095f238 relative=0x00000000000003d8
Event: 94.089 Thread 0x000001f951061000 Uncommon trap: reason=unstable_if action=reinterpret pc=0x000001f94095f238 method=org.gradle.api.internal.changedetection.state.ZipHasher.isZipFile(Ljava/lang/String;)Z @ 33 c2
Event: 94.089 Thread 0x000001f951061000 DEOPT PACKING pc=0x000001f94095f238 sp=0x000000564e5face0
Event: 94.089 Thread 0x000001f951061000 DEOPT UNPACKING pc=0x000001f938da912f sp=0x000000564e5faca0 mode 2
Event: 94.114 Thread 0x000001f951061000 Uncommon trap: trap_request=0xffffff45 fr.pc=0x000001f94095cca8 relative=0x0000000000001528
Event: 94.114 Thread 0x000001f951061000 Uncommon trap: reason=unstable_if action=reinterpret pc=0x000001f94095cca8 method=java.util.zip.ZipFile$ZipEntryIterator.hasNext()Z @ 8 c2
Event: 94.114 Thread 0x000001f951061000 DEOPT PACKING pc=0x000001f94095cca8 sp=0x000000564e5fa960
Event: 94.114 Thread 0x000001f951061000 DEOPT UNPACKING pc=0x000001f938da912f sp=0x000000564e5fa7b8 mode 2
Event: 94.233 Thread 0x000001f951061000 DEOPT PACKING pc=0x000001f9397e7420 sp=0x000000564e5fa400
Event: 94.233 Thread 0x000001f951061000 DEOPT UNPACKING pc=0x000001f938da964e sp=0x000000564e5f99b0 mode 0
Event: 94.933 Thread 0x000001f951061000 Uncommon trap: trap_request=0xffffff45 fr.pc=0x000001f940a31b20 relative=0x0000000000000640
Event: 94.933 Thread 0x000001f951061000 Uncommon trap: reason=unstable_if action=reinterpret pc=0x000001f940a31b20 method=java.lang.String.regionMatches(ZILjava/lang/String;II)Z @ 81 c2
Event: 94.933 Thread 0x000001f951061000 DEOPT PACKING pc=0x000001f940a31b20 sp=0x000000564e5fa990
Event: 94.933 Thread 0x000001f951061000 DEOPT UNPACKING pc=0x000001f938da912f sp=0x000000564e5fa900 mode 2

Classes unloaded (5 events):
Event: 20.382 Thread 0x000001f94f6b4800 Unloading class 0x0000000801085040 '_BuildScript_$_run_closure1$_closure3'
Event: 20.382 Thread 0x000001f94f6b4800 Unloading class 0x0000000801085c10 '_BuildScript_$_run_closure1$_closure2'
Event: 20.382 Thread 0x000001f94f6b4800 Unloading class 0x0000000801085840 '_BuildScript_$_run_closure1'
Event: 20.382 Thread 0x000001f94f6b4800 Unloading class 0x0000000801086040 '_BuildScript_'
Event: 20.382 Thread 0x000001f94f6b4800 Unloading class 0x0000000800fca840 '_BuildScript_'

Classes redefined (0 events):
No events

Internal exceptions (20 events):
Event: 16.019 Thread 0x000001f951061000 Exception <a 'java/lang/ClassNotFoundException'{0x0000000086123618}: org/gradle/api/internal/DefaultNamedDomainObjectListCustomizer> (0x0000000086123618) 
thrown [./open/src/hotspot/share/classfile/systemDictionary.cpp, line 226]
Event: 16.025 Thread 0x000001f951061000 Exception <a 'java/lang/ClassNotFoundException'{0x000000008616ee30}: org/gradle/api/internal/artifacts/DefaultArtifactRepositoryContainerCustomizer> (0x000000008616ee30) 
thrown [./open/src/hotspot/share/classfile/systemDictionary.cpp, line 226]
Event: 16.030 Thread 0x000001f951061000 Exception <a 'java/lang/ClassNotFoundException'{0x00000000861b0960}: org/gradle/api/internal/artifacts/dsl/DefaultRepositoryHandlerCustomizer> (0x00000000861b0960) 
thrown [./open/src/hotspot/share/classfile/systemDictionary.cpp, line 226]
Event: 16.033 Thread 0x000001f951061000 Exception <a 'java/lang/ClassNotFoundException'{0x00000000860029d8}: org/gradle/api/internal/artifacts/dsl/DefaultRepositoryHandler_DecoratedCustomizer> (0x00000000860029d8) 
thrown [./open/src/hotspot/share/classfile/systemDictionary.cpp, line 226]
Event: 16.108 Thread 0x000001f951061000 Exception <a 'java/lang/NoSuchMethodError'{0x0000000085d83e70}: 'int java.lang.invoke.DirectMethodHandle$Holder.invokeStaticInit(java.lang.Object, java.lang.Object, java.lang.Object, java.lang.Object)'> (0x0000000085d83e70) 
thrown [./open/src/hotspot/share/interpreter/linkResolver.cpp, line 766]
Event: 16.144 Thread 0x000001f951061000 Exception <a 'java/lang/ClassNotFoundException'{0x0000000085b05410}: groovy/lang/GString$1BeanInfo> (0x0000000085b05410) 
thrown [./open/src/hotspot/share/classfile/systemDictionary.cpp, line 226]
Event: 16.145 Thread 0x000001f951061000 Exception <a 'java/lang/ClassNotFoundException'{0x0000000085b1fe90}: groovy/lang/GStringBeanInfo> (0x0000000085b1fe90) 
thrown [./open/src/hotspot/share/classfile/systemDictionary.cpp, line 226]
Event: 16.146 Thread 0x000001f951061000 Exception <a 'java/lang/ClassNotFoundException'{0x0000000085b3a950}: groovy/lang/GStringCustomizer> (0x0000000085b3a950) 
thrown [./open/src/hotspot/share/classfile/systemDictionary.cpp, line 226]
Event: 16.148 Thread 0x000001f951061000 Exception <a 'java/lang/ClassNotFoundException'{0x0000000085b5f590}: groovy/lang/GString$1Customizer> (0x0000000085b5f590) 
thrown [./open/src/hotspot/share/classfile/systemDictionary.cpp, line 226]
Event: 16.157 Thread 0x000001f951061000 Exception <a 'java/lang/ClassNotFoundException'{0x0000000085bf9480}: org/codehaus/groovy/runtime/GStringImplBeanInfo> (0x0000000085bf9480) 
thrown [./open/src/hotspot/share/classfile/systemDictionary.cpp, line 226]
Event: 16.159 Thread 0x000001f951061000 Exception <a 'java/lang/ClassNotFoundException'{0x0000000085a17728}: org/codehaus/groovy/runtime/GStringImplCustomizer> (0x0000000085a17728) 
thrown [./open/src/hotspot/share/classfile/systemDictionary.cpp, line 226]
Event: 16.312 Thread 0x000001f951061000 Exception <a 'java/lang/NoSuchMethodError'{0x0000000085370940}: 'java.lang.Object java.lang.invoke.DirectMethodHandle$Holder.invokeStatic(java.lang.Object, java.lang.Object, java.lang.Object, int)'> (0x0000000085370940) 
thrown [./open/src/hotspot/share/interpreter/linkResolver.cpp, line 766]
Event: 16.313 Thread 0x000001f951061000 Exception <a 'java/lang/NoSuchMethodError'{0x0000000085374b08}: 'java.lang.Object java.lang.invoke.DirectMethodHandle$Holder.invokeSpecial(java.lang.Object, java.lang.Object, java.lang.Object, java.lang.Object, int)'> (0x0000000085374b08) 
thrown [./open/src/hotspot/share/interpreter/linkResolver.cpp, line 766]
Event: 16.313 Thread 0x000001f951061000 Exception <a 'java/lang/NoSuchMethodError'{0x0000000085378668}: 'java.lang.Object java.lang.invoke.Invokers$Holder.linkToTargetMethod(java.lang.Object, java.lang.Object, int, java.lang.Object)'> (0x0000000085378668) 
thrown [./open/src/hotspot/share/interpreter/linkResolver.cpp, line 766]
Event: 16.442 Thread 0x000001f951061000 Implicit null exception at 0x000001f9408733e4 to 0x000001f9408739c0
Event: 16.773 Thread 0x000001f951061000 Exception <a 'sun/nio/fs/WindowsException'{0x00000000845c8178}> (0x00000000845c8178) 
thrown [./open/src/hotspot/share/prims/jni.cpp, line 599]
Event: 16.802 Thread 0x000001f951061000 Exception <a 'java/lang/IncompatibleClassChangeError'{0x00000000845f29a8}: Found class java.lang.Object, but interface was expected> (0x00000000845f29a8) 
thrown [./open/src/hotspot/share/interpreter/linkResolver.cpp, line 832]
Event: 28.260 Thread 0x000001f951061000 Exception <a 'java/lang/NoSuchMethodError'{0x0000000085b95750}: 'void java.lang.invoke.DirectMethodHandle$Holder.invokeStatic(java.lang.Object, java.lang.Object, java.lang.Object, int, java.lang.Object)'> (0x0000000085b95750) 
thrown [./open/src/hotspot/share/interpreter/linkResolver.cpp, line 766]
Event: 94.045 Thread 0x000001f951061000 Implicit null exception at 0x000001f94096252b to 0x000001f940962e34
Event: 94.045 Thread 0x000001f951061000 Implicit null exception at 0x000001f940961390 to 0x000001f940961c2c

Events (20 events):
Event: 93.621 Thread 0x000001f95235d800 Thread added: 0x000001f95235d800
Event: 93.622 Thread 0x000001f952358000 Thread added: 0x000001f952358000
Event: 93.624 Thread 0x000001f952359800 Thread added: 0x000001f952359800
Event: 93.625 Thread 0x000001f952360000 Thread added: 0x000001f952360000
Event: 93.889 Executing VM operation: G1CollectForAllocation
Event: 93.897 Executing VM operation: G1CollectForAllocation done
Event: 94.040 Loaded shared library C:\Program Files\Java\jdk-14.0.2\bin\zip.dll
Event: 94.182 Executing VM operation: G1CollectForAllocation
Event: 94.188 Executing VM operation: G1CollectForAllocation done
Event: 94.268 Executing VM operation: G1Concurrent
Event: 94.272 Executing VM operation: G1Concurrent done
Event: 94.313 Executing VM operation: G1Concurrent
Event: 94.313 Executing VM operation: G1Concurrent done
Event: 94.511 Executing VM operation: G1CollectForAllocation
Event: 94.516 Executing VM operation: G1CollectForAllocation done
Event: 94.536 Executing VM operation: G1CollectForAllocation
Event: 94.546 Executing VM operation: G1CollectForAllocation done
Event: 94.867 Executing VM operation: G1CollectForAllocation
Event: 94.873 Executing VM operation: G1CollectForAllocation done
Event: 94.940 Executing VM operation: G1Concurrent


Dynamic libraries:
0x00007ff67f690000 - 0x00007ff67f69f000 	C:\Program Files\Java\jdk-14.0.2\bin\java.exe
0x00007ff8b2230000 - 0x00007ff8b2425000 	C:\WINDOWS\SYSTEM32\ntdll.dll
0x00007ff8b1600000 - 0x00007ff8b16bd000 	C:\WINDOWS\System32\KERNEL32.DLL
0x00007ff8afc30000 - 0x00007ff8afef8000 	C:\WINDOWS\System32\KERNELBASE.dll
0x00007ff8afb30000 - 0x00007ff8afc30000 	C:\WINDOWS\System32\ucrtbase.dll
0x00007ff89eee0000 - 0x00007ff89eef5000 	C:\Program Files\Java\jdk-14.0.2\bin\VCRUNTIME140.dll
0x00007ff89cd40000 - 0x00007ff89cd58000 	C:\Program Files\Java\jdk-14.0.2\bin\jli.dll
0x00007ff8b1060000 - 0x00007ff8b110c000 	C:\WINDOWS\System32\ADVAPI32.dll
0x00007ff8b1560000 - 0x00007ff8b15fe000 	C:\WINDOWS\System32\msvcrt.dll
0x00007ff8b0d40000 - 0x00007ff8b0ddb000 	C:\WINDOWS\System32\sechost.dll
0x00007ff8b0bf0000 - 0x00007ff8b0d1b000 	C:\WINDOWS\System32\RPCRT4.dll
0x00007ff8b0ec0000 - 0x00007ff8b1060000 	C:\WINDOWS\System32\USER32.dll
0x00007ff8aff60000 - 0x00007ff8aff82000 	C:\WINDOWS\System32\win32u.dll
0x00007ff8b1530000 - 0x00007ff8b155a000 	C:\WINDOWS\System32\GDI32.dll
0x00007ff8afa20000 - 0x00007ff8afb2b000 	C:\WINDOWS\System32\gdi32full.dll
0x00007ff8b0200000 - 0x00007ff8b029d000 	C:\WINDOWS\System32\msvcp_win.dll
0x00007ff89e270000 - 0x00007ff89e50a000 	C:\WINDOWS\WinSxS\amd64_microsoft.windows.common-controls_6595b64144ccf1df_6.0.19041.1052_none_60b8f8fd71f5e8cb\COMCTL32.dll
0x00007ff8a6500000 - 0x00007ff8a650a000 	C:\WINDOWS\SYSTEM32\VERSION.dll
0x00007ff8b1c70000 - 0x00007ff8b1ca0000 	C:\WINDOWS\System32\IMM32.DLL
0x00007ff87f190000 - 0x00007ff87f22b000 	C:\Program Files\Java\jdk-14.0.2\bin\msvcp140.dll
0x00007ff8770c0000 - 0x00007ff877bde000 	C:\Program Files\Java\jdk-14.0.2\bin\server\jvm.dll
0x00007ff8b0eb0000 - 0x00007ff8b0eb8000 	C:\WINDOWS\System32\PSAPI.DLL
0x00007ff8ab580000 - 0x00007ff8ab589000 	C:\WINDOWS\SYSTEM32\WSOCK32.dll
0x00007ff8b0de0000 - 0x00007ff8b0e4b000 	C:\WINDOWS\System32\WS2_32.dll
0x00007ff8a1d90000 - 0x00007ff8a1db7000 	C:\WINDOWS\SYSTEM32\WINMM.dll
0x00007ff8ae270000 - 0x00007ff8ae282000 	C:\WINDOWS\SYSTEM32\kernel.appcore.dll
0x00007ff8a4a30000 - 0x00007ff8a4a3a000 	C:\Program Files\Java\jdk-14.0.2\bin\jimage.dll
0x00007ff8ae030000 - 0x00007ff8ae214000 	C:\WINDOWS\SYSTEM32\DBGHELP.DLL
0x00007ff894a70000 - 0x00007ff894a9c000 	C:\WINDOWS\SYSTEM32\dbgcore.DLL
0x00007ff8affc0000 - 0x00007ff8b0043000 	C:\WINDOWS\System32\bcryptPrimitives.dll
0x00007ff89cb00000 - 0x00007ff89cb25000 	C:\Program Files\Java\jdk-14.0.2\bin\java.dll
0x00007ff89cb50000 - 0x00007ff89cb66000 	C:\Program Files\Java\jdk-14.0.2\bin\zip.dll
0x00007ff8b02a0000 - 0x00007ff8b09df000 	C:\WINDOWS\System32\SHELL32.dll
0x00007ff8ad760000 - 0x00007ff8adef0000 	C:\WINDOWS\SYSTEM32\windows.storage.dll
0x00007ff8b11d0000 - 0x00007ff8b1525000 	C:\WINDOWS\System32\combase.dll
0x00007ff8af310000 - 0x00007ff8af33c000 	C:\WINDOWS\SYSTEM32\Wldp.dll
0x00007ff8b2020000 - 0x00007ff8b20ce000 	C:\WINDOWS\System32\SHCORE.dll
0x00007ff8b0e50000 - 0x00007ff8b0ea5000 	C:\WINDOWS\System32\shlwapi.dll
0x00007ff8af8b0000 - 0x00007ff8af8cf000 	C:\WINDOWS\SYSTEM32\profapi.dll
0x00007ff892170000 - 0x00007ff892189000 	C:\Program Files\Java\jdk-14.0.2\bin\net.dll
0x00007ff89d530000 - 0x00007ff89d63b000 	C:\WINDOWS\SYSTEM32\WINHTTP.dll
0x00007ff8af080000 - 0x00007ff8af0ea000 	C:\WINDOWS\system32\mswsock.dll
0x00007ff891b50000 - 0x00007ff891b62000 	C:\Program Files\Java\jdk-14.0.2\bin\nio.dll
0x00007ff8a1810000 - 0x00007ff8a1820000 	C:\Program Files\Java\jdk-14.0.2\bin\verify.dll
0x00007ff8a4a40000 - 0x00007ff8a4a67000 	C:\Users\XY\.gradle\native\f6784746aeab05261644944871eae4fe03e0ef1612fff0a4a95f87b438bc6780\windows-amd64\native-platform.dll
0x00007ff8a15d0000 - 0x00007ff8a15d9000 	C:\Program Files\Java\jdk-14.0.2\bin\management.dll
0x00007ff8a0d50000 - 0x00007ff8a0d5b000 	C:\Program Files\Java\jdk-14.0.2\bin\management_ext.dll
0x00007ff8af260000 - 0x00007ff8af278000 	C:\WINDOWS\SYSTEM32\CRYPTSP.dll
0x00007ff8aea20000 - 0x00007ff8aea54000 	C:\WINDOWS\system32\rsaenh.dll
0x00007ff8aff90000 - 0x00007ff8affb7000 	C:\WINDOWS\System32\bcrypt.dll
0x00007ff8af830000 - 0x00007ff8af85e000 	C:\WINDOWS\SYSTEM32\USERENV.dll
0x00007ff8af250000 - 0x00007ff8af25c000 	C:\WINDOWS\SYSTEM32\CRYPTBASE.dll
0x00007ff8aed70000 - 0x00007ff8aedab000 	C:\WINDOWS\SYSTEM32\IPHLPAPI.DLL
0x00007ff8b0be0000 - 0x00007ff8b0be8000 	C:\WINDOWS\System32\NSI.dll
0x00007ff8a1c40000 - 0x00007ff8a1c57000 	C:\WINDOWS\SYSTEM32\dhcpcsvc6.DLL
0x00007ff8a6530000 - 0x00007ff8a654d000 	C:\WINDOWS\SYSTEM32\dhcpcsvc.DLL
0x00007ff8aedb0000 - 0x00007ff8aee7c000 	C:\WINDOWS\SYSTEM32\DNSAPI.dll
0x00007ff8a6a40000 - 0x00007ff8a6a4b000 	C:\WINDOWS\SYSTEM32\WINNSI.DLL
0x00007ff8a0160000 - 0x00007ff8a016e000 	C:\Program Files\Java\jdk-14.0.2\bin\sunmscapi.dll
0x00007ff8b00a0000 - 0x00007ff8b01ff000 	C:\WINDOWS\System32\CRYPT32.dll
0x00007ff8af380000 - 0x00007ff8af3a7000 	C:\WINDOWS\SYSTEM32\ncrypt.dll
0x00007ff8af340000 - 0x00007ff8af37b000 	C:\WINDOWS\SYSTEM32\NTASN1.dll
0x00007ff890540000 - 0x00007ff890565000 	C:\Program Files\Java\jdk-14.0.2\bin\sunec.dll
0x00007ff8a83c0000 - 0x00007ff8a83ca000 	C:\Windows\System32\rasadhlp.dll
0x00007ff89d650000 - 0x00007ff89d6cf000 	C:\WINDOWS\System32\fwpuclnt.dll

dbghelp: loaded successfully - version: 4.0.5 - missing functions: none
symbol engine: initialized successfully - sym options: 0x614 - pdb path: .;C:\Program Files\Java\jdk-14.0.2\bin;C:\WINDOWS\SYSTEM32;C:\WINDOWS\WinSxS\amd64_microsoft.windows.common-controls_6595b64144ccf1df_6.0.19041.1052_none_60b8f8fd71f5e8cb;C:\Program Files\Java\jdk-14.0.2\bin\server;C:\Users\XY\.gradle\native\f6784746aeab05261644944871eae4fe03e0ef1612fff0a4a95f87b438bc6780\windows-amd64

VM Arguments:
jvm_args: --add-opens=java.base/java.util=ALL-UNNAMED --add-opens=java.base/java.lang=ALL-UNNAMED --add-opens=java.base/java.lang.invoke=ALL-UNNAMED --add-opens=java.prefs/java.util.prefs=ALL-UNNAMED -Xmx2048m -Dfile.encoding=UTF-8 -Duser.country=CN -Duser.language=zh -Duser.variant 
java_command: org.gradle.launcher.daemon.bootstrap.GradleDaemon 6.5
java_class_path (initial): C:\Users\XY\.gradle\wrapper\dists\gradle-6.5-bin\6nifqtx7604sqp1q6g8wikw7p\gradle-6.5\lib\gradle-launcher-6.5.jar
Launcher Type: SUN_STANDARD

[Global flags]
     intx CICompilerCount                          = 4                                         {product} {ergonomic}
     uint ConcGCThreads                            = 2                                         {product} {ergonomic}
     uint G1ConcRefinementThreads                  = 8                                         {product} {ergonomic}
   size_t G1HeapRegionSize                         = 1048576                                   {product} {ergonomic}
    uintx GCDrainStackTargetSize                   = 64                                        {product} {ergonomic}
   size_t InitialHeapSize                          = 132120576                                 {product} {ergonomic}
   size_t MarkStackSize                            = 4194304                                   {product} {ergonomic}
   size_t MaxHeapSize                              = 2147483648                                {product} {command line}
   size_t MaxNewSize                               = 1287651328                                {product} {ergonomic}
   size_t MinHeapDeltaBytes                        = 1048576                                   {product} {ergonomic}
   size_t MinHeapSize                              = 8388608                                   {product} {ergonomic}
    uintx NonNMethodCodeHeapSize                   = 5839372                                {pd product} {ergonomic}
    uintx NonProfiledCodeHeapSize                  = 122909434                              {pd product} {ergonomic}
    uintx ProfiledCodeHeapSize                     = 122909434                              {pd product} {ergonomic}
    uintx ReservedCodeCacheSize                    = 251658240                              {pd product} {ergonomic}
     bool SegmentedCodeCache                       = true                                      {product} {ergonomic}
   size_t SoftMaxHeapSize                          = 2147483648                             {manageable} {ergonomic}
     bool UseCompressedClassPointers               = true                                 {lp64_product} {ergonomic}
     bool UseCompressedOops                        = true                                 {lp64_product} {ergonomic}
     bool UseG1GC                                  = true                                      {product} {ergonomic}
     bool UseLargePagesIndividualAllocation        = false                                  {pd product} {ergonomic}

Logging:
Log output configuration:
 #0: stdout all=warning uptime,level,tags
 #1: stderr all=off uptime,level,tags

Environment Variables:
JAVA_HOME=C:\Program Files\Java\jdk-14.0.2
CLASSPATH=.;C:\Program Files\Java\jdk-14.0.2\lib;C:\Program Files\Java\jdk-14.0.2\lib\tools.jar
PATH=C:\Windows\system32;C:\Windows;C:\Windows\System32\Wbem;C:\Windows\System32\WindowsPowerShell\v1.0\;C:\Program Files (x86)\NVIDIA Corporation\PhysX\Common;C:\Program Files\Android\Android Studio\jre\bin;D:\AndroidSdk\platform-tools;C:\WINDOWS\system32;C:\WINDOWS;C:\WINDOWS\System32\Wbem;C:\WINDOWS\System32\WindowsPowerShell\v1.0\;C:\Program Files\Android\Android Studio\gradle\gradle-3.2\bin;D:\Program Files\TortoiseSVN\bin;D:\Program Files\lib\apktool;D:\Program Files\apache-ant-1.10.1\bin;D:\Program Files\Git\cmd;GIT_HOME;C:\WINDOWS\System32\OpenSSH\;D:\apkTool;C:\Program Files\Java\jdk-14.0.2\bin;D:\android\apache-groovy-sdk-3.0.4\groovy-3.0.4\bin;D:\android\sdk\platform-tools;D:\note\deapk\dex2jar-2.0;C:\Users\XY\AppData\Local\Microsoft\WindowsApps;;D:\Users\XY\AppData\Local\Programs\Fiddler;%USERPROFILE%\AppData\Local\Microsoft\WindowsApps
USERNAME=XY
OS=Windows_NT
PROCESSOR_IDENTIFIER=Intel64 Family 6 Model 142 Stepping 10, GenuineIntel



---------------  S Y S T E M  ---------------

OS: Windows 10 , 64 bit Build 19041 (10.0.19041.1023)
OS uptime: 20 days 2:53 hours

CPU:total 8 (initial active 8) (4 cores per cpu, 2 threads per core) family 6 model 142 stepping 10, cmov, cx8, fxsr, mmx, sse, sse2, sse3, ssse3, sse4.1, sse4.2, popcnt, avx, avx2, aes, clmul, erms, 3dnowpref, lzcnt, ht, tsc, tscinvbit, bmi1, bmi2, adx, fma

Memory: 4k page, system-wide physical 8058M (320M free)
TotalPageFile size 15481M (AvailPageFile size 8M)
current process WorkingSet (physical memory assigned to process): 328M, peak: 328M
current process commit charge ("private bytes"): 432M, peak: 438M

vm_info: Java HotSpot(TM) 64-Bit Server VM (14.0.2+12-46) for windows-amd64 JRE (14.0.2+12-46), built on Jul  9 2020 00:35:52 by "mach5one" with MS VC++ 15.9 (VS2017)

END.
