#
# There is insufficient memory for the Java Runtime Environment to continue.
# Native memory allocation (mmap) failed to map 32505856 bytes for Failed to commit area from 0x0000000089800000 to 0x000000008b700000 of length 32505856.
# Possible reasons:
#   The system is out of physical RAM or swap space
#   The process is running with CompressedOops enabled, and the Java Heap may be blocking the growth of the native heap
# Possible solutions:
#   Reduce memory load on the system
#   Increase physical memory or swap space
#   Check if swap backing store is full
#   Decrease Java heap size (-Xmx/-Xms)
#   Decrease number of Java threads
#   Decrease Java thread stack sizes (-Xss)
#   Set larger code cache with -XX:ReservedCodeCacheSize=
#   JVM is running with Unscaled Compressed Oops mode in which the Java heap is
#     placed in the first 4GB address space. The Java Heap base address is the
#     maximum limit for the native heap growth. Please use -XX:HeapBaseMinAddress
#     to set the Java Heap base and to place the Java Heap above 4GB virtual address.
# This output file may be truncated or incomplete.
#
#  Out of Memory Error (./open/src/hotspot/os/windows/os_windows.cpp:3315), pid=13368, tid=21376
#
# JRE version: Java(TM) SE Runtime Environment (14.0.2+12) (build 14.0.2+12-46)
# Java VM: Java HotSpot(TM) 64-Bit Server VM (14.0.2+12-46, mixed mode, sharing, tiered, compressed oops, g1 gc, windows-amd64)
# No core dump will be written. Minidumps are not enabled by default on client versions of Windows
#

---------------  S U M M A R Y ------------

Command Line: --add-opens=java.base/java.util=ALL-UNNAMED --add-opens=java.base/java.lang=ALL-UNNAMED --add-opens=java.base/java.lang.invoke=ALL-UNNAMED --add-opens=java.prefs/java.util.prefs=ALL-UNNAMED -Xmx2048m -Dfile.encoding=UTF-8 -Duser.country=CN -Duser.language=zh -Duser.variant org.gradle.launcher.daemon.bootstrap.GradleDaemon 6.5

Host: Intel(R) Core(TM) i5-8250U CPU @ 1.60GHz, 8 cores, 7G,  Windows 10 , 64 bit Build 19041 (10.0.19041.1023)
Time: Thu Jul  1 22:26:05 2021 中国标准时间 elapsed time: 15 seconds (0d 0h 0m 15s)

---------------  T H R E A D  ---------------

Current thread (0x000001f043b43000):  VMThread "VM Thread" [stack: 0x000000af4f100000,0x000000af4f200000] [id=21376]

Stack: [0x000000af4f100000,0x000000af4f200000]
[error occurred during error reporting (printing stack bounds), id 0xc0000005, EXCEPTION_ACCESS_VIOLATION (0xc0000005) at pc=0x000001f02d1f10ad]

Native frames: (J=compiled Java code, j=interpreted, Vv=VM code, C=native code)
V  [jvm.dll+0x5f8a9a]
V  [jvm.dll+0x74247a]
V  [jvm.dll+0x743c2f]
V  [jvm.dll+0x7441d5]
V  [jvm.dll+0x74418b]
V  [jvm.dll+0x5f7f6f]
V  [jvm.dll+0x5f8738]
C  [ntdll.dll+0xa217f]
C  [ntdll.dll+0x51454]
C  [ntdll.dll+0xa0cae]
C  0x000001f02d1f10ad

VM_Operation (0x000000af508fa960): G1CollectForAllocation, mode: safepoint, requested by thread 0x000001f045d76800


---------------  P R O C E S S  ---------------

Threads class SMR info:
_java_thread_list=0x000001f04881bba0, length=153, elements={
0x000001f024a3d800, 0x000001f043b45000, 0x000001f043b47000, 0x000001f043b64000,
0x000001f043b68000, 0x000001f043b69000, 0x000001f043b6a000, 0x000001f043b76800,
0x000001f043b89800, 0x000001f044511800, 0x000001f04453c000, 0x000001f045519000,
0x000001f044e9a800, 0x000001f045934800, 0x000001f045719800, 0x000001f045720000,
0x000001f045d80000, 0x000001f045d76800, 0x000001f045ff6000, 0x000001f045ff6800,
0x000001f045ff4000, 0x000001f045ff2800, 0x000001f045ff9000, 0x000001f045ff3800,
0x000001f045ff5000, 0x000001f045ff7800, 0x000001f045ff8800, 0x000001f046c4f000,
0x000001f046c51000, 0x000001f046c50000, 0x000001f046c51800, 0x000001f046c4d800,
0x000001f046c54000, 0x000001f046c52800, 0x000001f046c53000, 0x000001f046c4e800,
0x000001f046c57800, 0x000001f046c59000, 0x000001f046c59800, 0x000001f046c55800,
0x000001f046c55000, 0x000001f046c5a800, 0x000001f046c5b800, 0x000001f046c5c000,
0x000001f046c56800, 0x000001f046c58000, 0x000001f047fed000, 0x000001f047fed800,
0x000001f047fe9800, 0x000001f047fec000, 0x000001f047feb000, 0x000001f047ff0000,
0x000001f047fee800, 0x000001f047fea800, 0x000001f047ff5000, 0x000001f047ff6000,
0x000001f047ff6800, 0x000001f047ff2800, 0x000001f047ff3800, 0x000001f047ff1000,
0x000001f047ff7800, 0x000001f047ff2000, 0x000001f047ff8800, 0x000001f047ff4000,
0x000001f048acd000, 0x000001f048acc000, 0x000001f048ac7000, 0x000001f048aca800,
0x000001f048acb800, 0x000001f048acd800, 0x000001f048ac8000, 0x000001f048ace800,
0x000001f048ac9000, 0x000001f048acf800, 0x000001f048ac9800, 0x000001f048ad4800,
0x000001f048ad5000, 0x000001f048ad1000, 0x000001f048ad0000, 0x000001f048ad2800,
0x000001f048ad3800, 0x000001f048ad6000, 0x000001f048ad2000, 0x000001f048707800,
0x000001f048706000, 0x000001f048705000, 0x000001f048708800, 0x000001f048707000,
0x000001f048703000, 0x000001f048709800, 0x000001f048704800, 0x000001f048703800,
0x000001f04870e000, 0x000001f04870d800, 0x000001f04870a000, 0x000001f04870f000,
0x000001f048710000, 0x000001f04870c800, 0x000001f048710800, 0x000001f04870b000,
0x000001f048711800, 0x000001f04870c000, 0x000001f0484b7000, 0x000001f0484bb000,
0x000001f0484b6000, 0x000001f0484bc800, 0x000001f0484b9800, 0x000001f0484b8000,
0x000001f0484bc000, 0x000001f0484ba800, 0x000001f0484bd800, 0x000001f0484be800,
0x000001f0484b8800, 0x000001f0484c4000, 0x000001f0484c5000, 0x000001f0484bf000,
0x000001f0484c3800, 0x000001f0484c1800, 0x000001f0484c0000, 0x000001f0484c1000,
0x000001f0484c2800, 0x000001f048641000, 0x000001f048643800, 0x000001f048642000,
0x000001f048640000, 0x000001f048646800, 0x000001f048645000, 0x000001f048647800,
0x000001f048642800, 0x000001f04864a000, 0x000001f048646000, 0x000001f048649000,
0x000001f048648800, 0x000001f048644800, 0x000001f04864b000, 0x000001f04864b800,
0x000001f04864c800, 0x000001f04864d800, 0x000001f04864e000, 0x000001f04864f000,
0x000001f048a80000, 0x000001f048a81000, 0x000001f048a84000, 0x000001f048a83800,
0x000001f048a82800, 0x000001f048a85000, 0x000001f048a81800, 0x000001f048a7f000,
0x000001f048a88000, 0x000001f048a87800, 0x000001f048a89000, 0x000001f048a86800,
0x000001f048a8a800
}

Java Threads: ( => current thread )
  0x000001f024a3d800 JavaThread "main" [_thread_blocked, id=13052, stack(0x000000af4eb00000,0x000000af4ec00000)]
  0x000001f043b45000 JavaThread "Reference Handler" daemon [_thread_blocked, id=16112, stack(0x000000af4f200000,0x000000af4f300000)]
  0x000001f043b47000 JavaThread "Finalizer" daemon [_thread_blocked, id=21716, stack(0x000000af4f300000,0x000000af4f400000)]
  0x000001f043b64000 JavaThread "Signal Dispatcher" daemon [_thread_blocked, id=5008, stack(0x000000af4f400000,0x000000af4f500000)]
  0x000001f043b68000 JavaThread "Attach Listener" daemon [_thread_blocked, id=12148, stack(0x000000af4f500000,0x000000af4f600000)]
  0x000001f043b69000 JavaThread "Service Thread" daemon [_thread_blocked, id=18312, stack(0x000000af4f600000,0x000000af4f700000)]
  0x000001f043b6a000 JavaThread "C2 CompilerThread0" daemon [_thread_blocked, id=4712, stack(0x000000af4f700000,0x000000af4f800000)]
  0x000001f043b76800 JavaThread "C1 CompilerThread0" daemon [_thread_blocked, id=8348, stack(0x000000af4f800000,0x000000af4f900000)]
  0x000001f043b89800 JavaThread "Sweeper thread" daemon [_thread_blocked, id=20080, stack(0x000000af4f900000,0x000000af4fa00000)]
  0x000001f044511800 JavaThread "Common-Cleaner" daemon [_thread_blocked, id=8748, stack(0x000000af4fa00000,0x000000af4fb00000)]
  0x000001f04453c000 JavaThread "Notification Thread" daemon [_thread_blocked, id=24404, stack(0x000000af4fb00000,0x000000af4fc00000)]
  0x000001f045519000 JavaThread "Daemon health stats" [_thread_blocked, id=13568, stack(0x000000af50100000,0x000000af50200000)]
  0x000001f044e9a800 JavaThread "Incoming local TCP Connector on port 2560" [_thread_in_native, id=7828, stack(0x000000af4fd00000,0x000000af4fe00000)]
  0x000001f045934800 JavaThread "Daemon periodic checks" [_thread_blocked, id=13732, stack(0x000000af50400000,0x000000af50500000)]
  0x000001f045719800 JavaThread "Daemon" [_thread_blocked, id=19560, stack(0x000000af50500000,0x000000af50600000)]
  0x000001f045720000 JavaThread "Handler for socket connection from /127.0.0.1:2560 to /127.0.0.1:2561" [_thread_in_native, id=12208, stack(0x000000af50600000,0x000000af50700000)]
  0x000001f045d80000 JavaThread "Cancel handler" [_thread_blocked, id=860, stack(0x000000af50700000,0x000000af50800000)]
  0x000001f045d76800 JavaThread "Daemon worker" [_thread_blocked, id=5072, stack(0x000000af50800000,0x000000af50900000)]
  0x000001f045ff6000 JavaThread "Asynchronous log dispatcher for DefaultDaemonConnection: socket connection from /127.0.0.1:2560 to /127.0.0.1:2561" [_thread_blocked, id=9508, stack(0x000000af50900000,0x000000af50a00000)]
  0x000001f045ff6800 JavaThread "Stdin handler" [_thread_blocked, id=6032, stack(0x000000af50a00000,0x000000af50b00000)]
  0x000001f045ff4000 JavaThread "Thread-8" [_thread_blocked, id=20748, stack(0x000000af50b00000,0x000000af50c00000)]
  0x000001f045ff2800 JavaThread "Cache worker for journal cache (C:\Users\XY\.gradle\caches\journal-1)" [_thread_blocked, id=23156, stack(0x000000af50c00000,0x000000af50d00000)]
  0x000001f045ff9000 JavaThread "File lock request listener" [_thread_in_native, id=10204, stack(0x000000af50d00000,0x000000af50e00000)]
  0x000001f045ff3800 JavaThread "Cache worker for file hash cache (C:\Users\XY\.gradle\caches\6.5\fileHashes)" [_thread_blocked, id=19092, stack(0x000000af50e00000,0x000000af50f00000)]
  0x000001f045ff5000 JavaThread "Cache worker for file hash cache (D:\Projects\MotionLayoutPractice\.gradle\6.5\fileHashes)" [_thread_blocked, id=2084, stack(0x000000af51400000,0x000000af51500000)]
  0x000001f045ff7800 JavaThread "jar transforms" [_thread_blocked, id=21200, stack(0x000000af51500000,0x000000af51600000)]
  0x000001f045ff8800 JavaThread "jar transforms Thread 2" [_thread_blocked, id=10028, stack(0x000000af51600000,0x000000af51700000)]
  0x000001f046c4f000 JavaThread "jar transforms Thread 3" [_thread_blocked, id=18404, stack(0x000000af51700000,0x000000af51800000)]
  0x000001f046c51000 JavaThread "jar transforms Thread 4" [_thread_blocked, id=20844, stack(0x000000af51800000,0x000000af51900000)]
  0x000001f046c50000 JavaThread "jar transforms Thread 5" [_thread_blocked, id=20716, stack(0x000000af51900000,0x000000af51a00000)]
  0x000001f046c51800 JavaThread "jar transforms Thread 6" [_thread_blocked, id=10440, stack(0x000000af51a00000,0x000000af51b00000)]
  0x000001f046c4d800 JavaThread "jar transforms Thread 7" [_thread_blocked, id=13716, stack(0x000000af51b00000,0x000000af51c00000)]
  0x000001f046c54000 JavaThread "jar transforms Thread 8" [_thread_blocked, id=15428, stack(0x000000af51c00000,0x000000af51d00000)]
  0x000001f046c52800 JavaThread "jar transforms Thread 9" [_thread_blocked, id=19600, stack(0x000000af51d00000,0x000000af51e00000)]
  0x000001f046c53000 JavaThread "jar transforms Thread 10" [_thread_blocked, id=20876, stack(0x000000af51e00000,0x000000af51f00000)]
  0x000001f046c4e800 JavaThread "jar transforms Thread 11" [_thread_blocked, id=14488, stack(0x000000af51f00000,0x000000af52000000)]
  0x000001f046c57800 JavaThread "jar transforms Thread 12" [_thread_blocked, id=20996, stack(0x000000af52000000,0x000000af52100000)]
  0x000001f046c59000 JavaThread "jar transforms Thread 13" [_thread_blocked, id=12204, stack(0x000000af52100000,0x000000af52200000)]
  0x000001f046c59800 JavaThread "jar transforms Thread 14" [_thread_blocked, id=22276, stack(0x000000af52200000,0x000000af52300000)]
  0x000001f046c55800 JavaThread "jar transforms Thread 15" [_thread_blocked, id=7464, stack(0x000000af52300000,0x000000af52400000)]
  0x000001f046c55000 JavaThread "jar transforms Thread 16" [_thread_blocked, id=9416, stack(0x000000af52400000,0x000000af52500000)]
  0x000001f046c5a800 JavaThread "jar transforms Thread 17" [_thread_blocked, id=21164, stack(0x000000af52500000,0x000000af52600000)]
  0x000001f046c5b800 JavaThread "jar transforms Thread 18" [_thread_blocked, id=6328, stack(0x000000af52600000,0x000000af52700000)]
  0x000001f046c5c000 JavaThread "jar transforms Thread 19" [_thread_blocked, id=2516, stack(0x000000af52700000,0x000000af52800000)]
  0x000001f046c56800 JavaThread "jar transforms Thread 20" [_thread_blocked, id=11552, stack(0x000000af52800000,0x000000af52900000)]
  0x000001f046c58000 JavaThread "Cache worker for checksums cache (D:\Projects\MotionLayoutPractice\.gradle\checksums)" [_thread_blocked, id=9292, stack(0x000000af52900000,0x000000af52a00000)]
  0x000001f047fed000 JavaThread "Cache worker for cache directory md-supplier (C:\Users\XY\.gradle\caches\6.5\md-supplier)" [_thread_blocked, id=21184, stack(0x000000af52a00000,0x000000af52b00000)]
  0x000001f047fed800 JavaThread "Cache worker for cache directory md-rule (C:\Users\XY\.gradle\caches\6.5\md-rule)" [_thread_blocked, id=15264, stack(0x000000af52c00000,0x000000af52d00000)]
  0x000001f047fe9800 JavaThread "Cache worker for execution history cache (C:\Users\XY\.gradle\caches\6.5\executionHistory)" [_thread_blocked, id=24108, stack(0x000000af52d00000,0x000000af52e00000)]
  0x000001f047fec000 JavaThread "Cache worker for file content cache (C:\Users\XY\.gradle\caches\6.5\fileContent)" [_thread_blocked, id=20320, stack(0x000000af52e00000,0x000000af52f00000)]
  0x000001f047feb000 JavaThread "Cache worker for Build Output Cleanup Cache (D:\Projects\MotionLayoutPractice\.gradle\buildOutputCleanup)" [_thread_blocked, id=24120, stack(0x000000af52f00000,0x000000af53000000)]
  0x000001f047ff0000 JavaThread "Build operations" [_thread_blocked, id=23316, stack(0x000000af53000000,0x000000af53100000)]
  0x000001f047fee800 JavaThread "Build operations Thread 2" [_thread_blocked, id=4984, stack(0x000000af53100000,0x000000af53200000)]
  0x000001f047fea800 JavaThread "Build operations Thread 3" [_thread_blocked, id=18768, stack(0x000000af53200000,0x000000af53300000)]
  0x000001f047ff5000 JavaThread "Build operations Thread 4" [_thread_blocked, id=23432, stack(0x000000af53300000,0x000000af53400000)]
  0x000001f047ff6000 JavaThread "Build operations Thread 5" [_thread_blocked, id=19824, stack(0x000000af53400000,0x000000af53500000)]
  0x000001f047ff6800 JavaThread "Build operations Thread 6" [_thread_blocked, id=14648, stack(0x000000af53500000,0x000000af53600000)]
  0x000001f047ff2800 JavaThread "Build operations Thread 7" [_thread_blocked, id=9660, stack(0x000000af53600000,0x000000af53700000)]
  0x000001f047ff3800 JavaThread "Build operations Thread 8" [_thread_blocked, id=14612, stack(0x000000af53700000,0x000000af53800000)]
  0x000001f047ff1000 JavaThread "jar transforms Thread 21" [_thread_blocked, id=17520, stack(0x000000af53800000,0x000000af53900000)]
  0x000001f047ff7800 JavaThread "jar transforms Thread 22" [_thread_blocked, id=20832, stack(0x000000af53900000,0x000000af53a00000)]
  0x000001f047ff2000 JavaThread "jar transforms Thread 23" [_thread_blocked, id=13584, stack(0x000000af53a00000,0x000000af53b00000)]
  0x000001f047ff8800 JavaThread "jar transforms Thread 24" [_thread_blocked, id=17456, stack(0x000000af53b00000,0x000000af53c00000)]
  0x000001f047ff4000 JavaThread "jar transforms Thread 25" [_thread_blocked, id=17296, stack(0x000000af53c00000,0x000000af53d00000)]
  0x000001f048acd000 JavaThread "jar transforms Thread 26" [_thread_blocked, id=13116, stack(0x000000af53d00000,0x000000af53e00000)]
  0x000001f048acc000 JavaThread "jar transforms Thread 27" [_thread_blocked, id=8032, stack(0x000000af53e00000,0x000000af53f00000)]
  0x000001f048ac7000 JavaThread "jar transforms Thread 28" [_thread_blocked, id=18948, stack(0x000000af53f00000,0x000000af54000000)]
  0x000001f048aca800 JavaThread "jar transforms Thread 29" [_thread_blocked, id=5688, stack(0x000000af54000000,0x000000af54100000)]
  0x000001f048acb800 JavaThread "jar transforms Thread 30" [_thread_blocked, id=17516, stack(0x000000af54100000,0x000000af54200000)]
  0x000001f048acd800 JavaThread "jar transforms Thread 31" [_thread_blocked, id=23216, stack(0x000000af54200000,0x000000af54300000)]
  0x000001f048ac8000 JavaThread "jar transforms Thread 32" [_thread_blocked, id=22856, stack(0x000000af54300000,0x000000af54400000)]
  0x000001f048ace800 JavaThread "jar transforms Thread 33" [_thread_blocked, id=20768, stack(0x000000af54400000,0x000000af54500000)]
  0x000001f048ac9000 JavaThread "jar transforms Thread 34" [_thread_blocked, id=9540, stack(0x000000af54500000,0x000000af54600000)]
  0x000001f048acf800 JavaThread "jar transforms Thread 35" [_thread_blocked, id=15868, stack(0x000000af54600000,0x000000af54700000)]
  0x000001f048ac9800 JavaThread "jar transforms Thread 36" [_thread_blocked, id=2644, stack(0x000000af54700000,0x000000af54800000)]
  0x000001f048ad4800 JavaThread "jar transforms Thread 37" [_thread_blocked, id=22736, stack(0x000000af54800000,0x000000af54900000)]
  0x000001f048ad5000 JavaThread "jar transforms Thread 38" [_thread_blocked, id=9560, stack(0x000000af54900000,0x000000af54a00000)]
  0x000001f048ad1000 JavaThread "jar transforms Thread 39" [_thread_blocked, id=11868, stack(0x000000af54a00000,0x000000af54b00000)]
  0x000001f048ad0000 JavaThread "jar transforms Thread 40" [_thread_blocked, id=10760, stack(0x000000af54b00000,0x000000af54c00000)]
  0x000001f048ad2800 JavaThread "jar transforms Thread 41" [_thread_blocked, id=1952, stack(0x000000af54c00000,0x000000af54d00000)]
  0x000001f048ad3800 JavaThread "jar transforms Thread 42" [_thread_blocked, id=11988, stack(0x000000af54d00000,0x000000af54e00000)]
  0x000001f048ad6000 JavaThread "jar transforms Thread 43" [_thread_blocked, id=24392, stack(0x000000af54e00000,0x000000af54f00000)]
  0x000001f048ad2000 JavaThread "jar transforms Thread 44" [_thread_blocked, id=19920, stack(0x000000af54f00000,0x000000af55000000)]
  0x000001f048707800 JavaThread "jar transforms Thread 45" [_thread_blocked, id=20100, stack(0x000000af55000000,0x000000af55100000)]
  0x000001f048706000 JavaThread "jar transforms Thread 46" [_thread_blocked, id=13996, stack(0x000000af55100000,0x000000af55200000)]
  0x000001f048705000 JavaThread "jar transforms Thread 47" [_thread_blocked, id=10960, stack(0x000000af55200000,0x000000af55300000)]
  0x000001f048708800 JavaThread "jar transforms Thread 48" [_thread_blocked, id=10924, stack(0x000000af55300000,0x000000af55400000)]
  0x000001f048707000 JavaThread "jar transforms Thread 49" [_thread_blocked, id=3992, stack(0x000000af55400000,0x000000af55500000)]
  0x000001f048703000 JavaThread "jar transforms Thread 50" [_thread_blocked, id=16936, stack(0x000000af55500000,0x000000af55600000)]
  0x000001f048709800 JavaThread "jar transforms Thread 51" [_thread_blocked, id=10916, stack(0x000000af55600000,0x000000af55700000)]
  0x000001f048704800 JavaThread "jar transforms Thread 52" [_thread_blocked, id=1512, stack(0x000000af55700000,0x000000af55800000)]
  0x000001f048703800 JavaThread "jar transforms Thread 53" [_thread_blocked, id=11096, stack(0x000000af55800000,0x000000af55900000)]
  0x000001f04870e000 JavaThread "jar transforms Thread 54" [_thread_blocked, id=16828, stack(0x000000af55900000,0x000000af55a00000)]
  0x000001f04870d800 JavaThread "jar transforms Thread 55" [_thread_blocked, id=9188, stack(0x000000af55a00000,0x000000af55b00000)]
  0x000001f04870a000 JavaThread "jar transforms Thread 56" [_thread_blocked, id=16872, stack(0x000000af55b00000,0x000000af55c00000)]
  0x000001f04870f000 JavaThread "jar transforms Thread 57" [_thread_blocked, id=17144, stack(0x000000af55c00000,0x000000af55d00000)]
  0x000001f048710000 JavaThread "jar transforms Thread 58" [_thread_blocked, id=23404, stack(0x000000af55d00000,0x000000af55e00000)]
  0x000001f04870c800 JavaThread "jar transforms Thread 59" [_thread_blocked, id=22300, stack(0x000000af55e00000,0x000000af55f00000)]
  0x000001f048710800 JavaThread "jar transforms Thread 60" [_thread_blocked, id=20896, stack(0x000000af55f00000,0x000000af56000000)]
  0x000001f04870b000 JavaThread "jar transforms Thread 61" [_thread_blocked, id=5416, stack(0x000000af56000000,0x000000af56100000)]
  0x000001f048711800 JavaThread "jar transforms Thread 62" [_thread_blocked, id=14760, stack(0x000000af56100000,0x000000af56200000)]
  0x000001f04870c000 JavaThread "jar transforms Thread 63" [_thread_blocked, id=20628, stack(0x000000af56200000,0x000000af56300000)]
  0x000001f0484b7000 JavaThread "jar transforms Thread 64" [_thread_blocked, id=9800, stack(0x000000af56300000,0x000000af56400000)]
  0x000001f0484bb000 JavaThread "jar transforms Thread 65" [_thread_blocked, id=24056, stack(0x000000af56400000,0x000000af56500000)]
  0x000001f0484b6000 JavaThread "jar transforms Thread 66" [_thread_blocked, id=14852, stack(0x000000af56500000,0x000000af56600000)]
  0x000001f0484bc800 JavaThread "jar transforms Thread 67" [_thread_blocked, id=6500, stack(0x000000af56600000,0x000000af56700000)]
  0x000001f0484b9800 JavaThread "jar transforms Thread 68" [_thread_blocked, id=13720, stack(0x000000af56700000,0x000000af56800000)]
  0x000001f0484b8000 JavaThread "jar transforms Thread 69" [_thread_blocked, id=17060, stack(0x000000af56800000,0x000000af56900000)]
  0x000001f0484bc000 JavaThread "jar transforms Thread 70" [_thread_blocked, id=8344, stack(0x000000af56900000,0x000000af56a00000)]
  0x000001f0484ba800 JavaThread "jar transforms Thread 71" [_thread_blocked, id=11368, stack(0x000000af56a00000,0x000000af56b00000)]
  0x000001f0484bd800 JavaThread "jar transforms Thread 72" [_thread_blocked, id=5148, stack(0x000000af56b00000,0x000000af56c00000)]
  0x000001f0484be800 JavaThread "jar transforms Thread 73" [_thread_blocked, id=5676, stack(0x000000af56c00000,0x000000af56d00000)]
  0x000001f0484b8800 JavaThread "jar transforms Thread 74" [_thread_blocked, id=17992, stack(0x000000af56d00000,0x000000af56e00000)]
  0x000001f0484c4000 JavaThread "jar transforms Thread 75" [_thread_blocked, id=13692, stack(0x000000af56e00000,0x000000af56f00000)]
  0x000001f0484c5000 JavaThread "jar transforms Thread 76" [_thread_blocked, id=9652, stack(0x000000af56f00000,0x000000af57000000)]
  0x000001f0484bf000 JavaThread "jar transforms Thread 77" [_thread_blocked, id=15608, stack(0x000000af57000000,0x000000af57100000)]
  0x000001f0484c3800 JavaThread "jar transforms Thread 78" [_thread_blocked, id=19928, stack(0x000000af57100000,0x000000af57200000)]
  0x000001f0484c1800 JavaThread "jar transforms Thread 79" [_thread_blocked, id=20496, stack(0x000000af57200000,0x000000af57300000)]
  0x000001f0484c0000 JavaThread "jar transforms Thread 80" [_thread_blocked, id=2804, stack(0x000000af57300000,0x000000af57400000)]
  0x000001f0484c1000 JavaThread "jar transforms Thread 81" [_thread_blocked, id=18268, stack(0x000000af57400000,0x000000af57500000)]
  0x000001f0484c2800 JavaThread "jar transforms Thread 82" [_thread_blocked, id=16560, stack(0x000000af57500000,0x000000af57600000)]
  0x000001f048641000 JavaThread "jar transforms Thread 83" [_thread_blocked, id=21112, stack(0x000000af57600000,0x000000af57700000)]
  0x000001f048643800 JavaThread "jar transforms Thread 84" [_thread_blocked, id=21768, stack(0x000000af57700000,0x000000af57800000)]
  0x000001f048642000 JavaThread "jar transforms Thread 85" [_thread_blocked, id=2476, stack(0x000000af57800000,0x000000af57900000)]
  0x000001f048640000 JavaThread "jar transforms Thread 86" [_thread_blocked, id=7964, stack(0x000000af57900000,0x000000af57a00000)]
  0x000001f048646800 JavaThread "jar transforms Thread 87" [_thread_blocked, id=10336, stack(0x000000af57a00000,0x000000af57b00000)]
  0x000001f048645000 JavaThread "jar transforms Thread 88" [_thread_blocked, id=22816, stack(0x000000af57b00000,0x000000af57c00000)]
  0x000001f048647800 JavaThread "jar transforms Thread 89" [_thread_blocked, id=9696, stack(0x000000af57c00000,0x000000af57d00000)]
  0x000001f048642800 JavaThread "jar transforms Thread 90" [_thread_blocked, id=24356, stack(0x000000af57d00000,0x000000af57e00000)]
  0x000001f04864a000 JavaThread "jar transforms Thread 91" [_thread_blocked, id=23928, stack(0x000000af57e00000,0x000000af57f00000)]
  0x000001f048646000 JavaThread "jar transforms Thread 92" [_thread_blocked, id=7924, stack(0x000000af57f00000,0x000000af58000000)]
  0x000001f048649000 JavaThread "jar transforms Thread 93" [_thread_blocked, id=11000, stack(0x000000af58000000,0x000000af58100000)]
  0x000001f048648800 JavaThread "jar transforms Thread 94" [_thread_blocked, id=19100, stack(0x000000af58100000,0x000000af58200000)]
  0x000001f048644800 JavaThread "jar transforms Thread 95" [_thread_blocked, id=10184, stack(0x000000af58200000,0x000000af58300000)]
  0x000001f04864b000 JavaThread "jar transforms Thread 96" [_thread_blocked, id=19740, stack(0x000000af58300000,0x000000af58400000)]
  0x000001f04864b800 JavaThread "jar transforms Thread 97" [_thread_blocked, id=13380, stack(0x000000af58400000,0x000000af58500000)]
  0x000001f04864c800 JavaThread "jar transforms Thread 98" [_thread_blocked, id=21032, stack(0x000000af58500000,0x000000af58600000)]
  0x000001f04864d800 JavaThread "jar transforms Thread 99" [_thread_blocked, id=21028, stack(0x000000af58600000,0x000000af58700000)]
  0x000001f04864e000 JavaThread "jar transforms Thread 100" [_thread_blocked, id=11296, stack(0x000000af58700000,0x000000af58800000)]
  0x000001f04864f000 JavaThread "jar transforms Thread 101" [_thread_blocked, id=720, stack(0x000000af58800000,0x000000af58900000)]
  0x000001f048a80000 JavaThread "jar transforms Thread 102" [_thread_blocked, id=24260, stack(0x000000af58900000,0x000000af58a00000)]
  0x000001f048a81000 JavaThread "jar transforms Thread 103" [_thread_blocked, id=2072, stack(0x000000af58a00000,0x000000af58b00000)]
  0x000001f048a84000 JavaThread "jar transforms Thread 104" [_thread_blocked, id=5444, stack(0x000000af58b00000,0x000000af58c00000)]
  0x000001f048a83800 JavaThread "jar transforms Thread 105" [_thread_blocked, id=12788, stack(0x000000af58c00000,0x000000af58d00000)]
  0x000001f048a82800 JavaThread "jar transforms Thread 106" [_thread_blocked, id=13776, stack(0x000000af58d00000,0x000000af58e00000)]
  0x000001f048a85000 JavaThread "jar transforms Thread 107" [_thread_blocked, id=17804, stack(0x000000af58e00000,0x000000af58f00000)]
  0x000001f048a81800 JavaThread "jar transforms Thread 108" [_thread_blocked, id=13828, stack(0x000000af58f00000,0x000000af59000000)]
  0x000001f048a7f000 JavaThread "jar transforms Thread 109" [_thread_blocked, id=9720, stack(0x000000af59000000,0x000000af59100000)]
  0x000001f048a88000 JavaThread "jar transforms Thread 110" [_thread_blocked, id=1508, stack(0x000000af59100000,0x000000af59200000)]
  0x000001f048a87800 JavaThread "jar transforms Thread 111" [_thread_blocked, id=7588, stack(0x000000af59200000,0x000000af59300000)]
  0x000001f048a89000 JavaThread "jar transforms Thread 112" [_thread_blocked, id=21176, stack(0x000000af59300000,0x000000af59400000)]
  0x000001f048a86800 JavaThread "jar transforms Thread 113" [_thread_blocked, id=19792, stack(0x000000af59400000,0x000000af59500000)]
  0x000001f048a8a800 JavaThread "jar transforms Thread 114" [_thread_blocked, id=7244, stack(0x000000af59500000,0x000000af59600000)]

Other Threads:
=>0x000001f043b43000 VMThread "VM Thread" [stack: 0x000000af4f100000,0x000000af4f200000] [id=21376]
  0x000001f044559000 WatcherThread [stack: 0x000000af4fc00000,0x000000af4fd00000] [id=19008]
  0x000001f024a83000 GCTaskThread "GC Thread#0" [stack: 0x000000af4ec00000,0x000000af4ed00000] [id=6488]
  0x000001f044e37800 GCTaskThread "GC Thread#1" [stack: 0x000000af4fe00000,0x000000af4ff00000] [id=3092]
  0x000001f044e38000 GCTaskThread "GC Thread#2" [stack: 0x000000af4ff00000,0x000000af50000000] [id=17340]
  0x000001f04633d800 GCTaskThread "GC Thread#3" [stack: 0x000000af50f00000,0x000000af51000000] [id=21492]
  0x000001f045ecc000 GCTaskThread "GC Thread#4" [stack: 0x000000af51000000,0x000000af51100000] [id=11208]
  0x000001f0462ef000 GCTaskThread "GC Thread#5" [stack: 0x000000af51100000,0x000000af51200000] [id=14020]
  0x000001f044444800 GCTaskThread "GC Thread#6" [stack: 0x000000af51200000,0x000000af51300000] [id=14712]
  0x000001f045fe7000 GCTaskThread "GC Thread#7" [stack: 0x000000af51300000,0x000000af51400000] [id=9476]
  0x000001f024a94800 ConcurrentGCThread "G1 Main Marker" [stack: 0x000000af4ed00000,0x000000af4ee00000] [id=396]
  0x000001f024a96000 ConcurrentGCThread "G1 Conc#0" [stack: 0x000000af4ee00000,0x000000af4ef00000] [id=5556]
  0x000001f04815e000 ConcurrentGCThread "G1 Conc#1" [stack: 0x000000af52b00000,0x000000af52c00000] [id=15116]
  0x000001f0439b5800 ConcurrentGCThread "G1 Refine#0" [stack: 0x000000af4ef00000,0x000000af4f000000] [id=11120]
  0x000001f0445a6000 ConcurrentGCThread "G1 Refine#1" [stack: 0x000000af50000000,0x000000af50100000] [id=3796]
  0x000001f0439b6800 ConcurrentGCThread "G1 Young RemSet Sampling" [stack: 0x000000af4f000000,0x000000af4f100000] [id=22780]

Threads with active compile tasks:

VM state:at safepoint (normal execution)

VM Mutex/Monitor currently owned by a thread:  ([mutex/lock_event])
[0x000001f024a38480] Threads_lock - owner thread: 0x000001f043b43000
[0x000001f024a38510] Heap_lock - owner thread: 0x000001f045d76800

Heap address: 0x0000000080000000, size: 2048 MB, Compressed Oops mode: 32-bit
Narrow klass base: 0x0000000800000000, Narrow klass shift: 3
Compressed class space size: 1073741824 Address: 0x0000000800b30000

Heap:
 garbage-first heap   total 187392K, used 92869K [0x0000000080000000, 0x0000000100000000)
  region size 1024K, 3 young (3072K), 3 survivors (3072K)
 Metaspace       used 37490K, capacity 38826K, committed 39116K, reserved 1083392K
  class space    used 5165K, capacity 5560K, committed 5632K, reserved 1048576K
Heap Regions: E=young(eden), S=young(survivor), O=old, HS=humongous(starts), HC=humongous(continues), CS=collection set, F=free, OA=open archive, CA=closed archive, TAMS=top-at-mark-start (previous, next)
|   0|0x0000000080000000, 0x0000000080100000, 0x0000000080100000|100%| O|  |TAMS 0x0000000080100000, 0x0000000080000000| Untracked 
|   1|0x0000000080100000, 0x0000000080200000, 0x0000000080200000|100%| O|  |TAMS 0x0000000080200000, 0x0000000080100000| Untracked 
|   2|0x0000000080200000, 0x0000000080300000, 0x0000000080300000|100%| O|  |TAMS 0x0000000080300000, 0x0000000080200000| Untracked 
|   3|0x0000000080300000, 0x0000000080400000, 0x0000000080400000|100%|HS|  |TAMS 0x0000000080400000, 0x0000000080300000| Complete 
|   4|0x0000000080400000, 0x0000000080500000, 0x0000000080500000|100%|HC|  |TAMS 0x0000000080500000, 0x0000000080400000| Complete 
|   5|0x0000000080500000, 0x0000000080600000, 0x0000000080600000|100%|HC|  |TAMS 0x0000000080600000, 0x0000000080500000| Complete 
|   6|0x0000000080600000, 0x0000000080700000, 0x0000000080700000|100%| O|  |TAMS 0x0000000080700000, 0x0000000080600000| Untracked 
|   7|0x0000000080700000, 0x0000000080800000, 0x0000000080800000|100%| O|  |TAMS 0x0000000080800000, 0x0000000080700000| Untracked 
|   8|0x0000000080800000, 0x0000000080900000, 0x0000000080900000|100%| O|  |TAMS 0x0000000080900000, 0x0000000080800000| Untracked 
|   9|0x0000000080900000, 0x0000000080a00000, 0x0000000080a00000|100%|HS|  |TAMS 0x0000000080a00000, 0x0000000080900000| Complete 
|  10|0x0000000080a00000, 0x0000000080b00000, 0x0000000080b00000|100%|HC|  |TAMS 0x0000000080b00000, 0x0000000080a00000| Complete 
|  11|0x0000000080b00000, 0x0000000080c00000, 0x0000000080c00000|100%|HS|  |TAMS 0x0000000080c00000, 0x0000000080b00000| Complete 
|  12|0x0000000080c00000, 0x0000000080d00000, 0x0000000080d00000|100%|HC|  |TAMS 0x0000000080d00000, 0x0000000080c00000| Complete 
|  13|0x0000000080d00000, 0x0000000080e00000, 0x0000000080e00000|100%|HC|  |TAMS 0x0000000080e00000, 0x0000000080d00000| Complete 
|  14|0x0000000080e00000, 0x0000000080f00000, 0x0000000080f00000|100%|HS|  |TAMS 0x0000000080f00000, 0x0000000080e00000| Complete 
|  15|0x0000000080f00000, 0x0000000081000000, 0x0000000081000000|100%|HC|  |TAMS 0x0000000081000000, 0x0000000080f00000| Complete 
|  16|0x0000000081000000, 0x0000000081100000, 0x0000000081100000|100%|HC|  |TAMS 0x0000000081100000, 0x0000000081000000| Complete 
|  17|0x0000000081100000, 0x0000000081200000, 0x0000000081200000|100%|HC|  |TAMS 0x0000000081200000, 0x0000000081100000| Complete 
|  18|0x0000000081200000, 0x0000000081300000, 0x0000000081300000|100%| O|  |TAMS 0x0000000081300000, 0x0000000081200000| Untracked 
|  19|0x0000000081300000, 0x0000000081400000, 0x0000000081400000|100%| O|  |TAMS 0x0000000081400000, 0x0000000081300000| Untracked 
|  20|0x0000000081400000, 0x0000000081500000, 0x0000000081500000|100%| O|  |TAMS 0x0000000081500000, 0x0000000081400000| Untracked 
|  21|0x0000000081500000, 0x0000000081600000, 0x0000000081600000|100%| O|  |TAMS 0x0000000081500000, 0x0000000081500000| Untracked 
|  22|0x0000000081600000, 0x0000000081700000, 0x0000000081700000|100%| O|  |TAMS 0x0000000081700000, 0x0000000081600000| Untracked 
|  23|0x0000000081700000, 0x0000000081800000, 0x0000000081800000|100%| O|  |TAMS 0x0000000081800000, 0x0000000081700000| Untracked 
|  24|0x0000000081800000, 0x0000000081900000, 0x0000000081900000|100%| O|  |TAMS 0x0000000081900000, 0x0000000081800000| Untracked 
|  25|0x0000000081900000, 0x0000000081a00000, 0x0000000081a00000|100%| O|  |TAMS 0x0000000081a00000, 0x0000000081900000| Untracked 
|  26|0x0000000081a00000, 0x0000000081b00000, 0x0000000081b00000|100%| O|  |TAMS 0x0000000081b00000, 0x0000000081a00000| Untracked 
|  27|0x0000000081b00000, 0x0000000081c00000, 0x0000000081c00000|100%| O|  |TAMS 0x0000000081c00000, 0x0000000081b00000| Untracked 
|  28|0x0000000081c00000, 0x0000000081d00000, 0x0000000081d00000|100%| O|  |TAMS 0x0000000081d00000, 0x0000000081c00000| Untracked 
|  29|0x0000000081d00000, 0x0000000081e00000, 0x0000000081e00000|100%| O|  |TAMS 0x0000000081e00000, 0x0000000081d00000| Untracked 
|  30|0x0000000081e00000, 0x0000000081f00000, 0x0000000081f00000|100%| O|  |TAMS 0x0000000081f00000, 0x0000000081e00000| Untracked 
|  31|0x0000000081f00000, 0x0000000082000000, 0x0000000082000000|100%| O|  |TAMS 0x0000000082000000, 0x0000000081f00000| Untracked 
|  32|0x0000000082000000, 0x0000000082100000, 0x0000000082100000|100%| O|  |TAMS 0x0000000082100000, 0x0000000082000000| Untracked 
|  33|0x0000000082100000, 0x0000000082200000, 0x0000000082200000|100%| O|  |TAMS 0x0000000082200000, 0x0000000082100000| Untracked 
|  34|0x0000000082200000, 0x0000000082300000, 0x0000000082300000|100%|HS|  |TAMS 0x0000000082300000, 0x0000000082200000| Complete 
|  35|0x0000000082300000, 0x0000000082400000, 0x0000000082400000|100%|HC|  |TAMS 0x0000000082400000, 0x0000000082300000| Complete 
|  36|0x0000000082400000, 0x0000000082500000, 0x0000000082500000|100%|HC|  |TAMS 0x0000000082500000, 0x0000000082400000| Complete 
|  37|0x0000000082500000, 0x0000000082600000, 0x0000000082600000|100%|HC|  |TAMS 0x0000000082600000, 0x0000000082500000| Complete 
|  38|0x0000000082600000, 0x0000000082700000, 0x0000000082700000|100%| O|  |TAMS 0x0000000082700000, 0x0000000082600000| Untracked 
|  39|0x0000000082700000, 0x0000000082800000, 0x0000000082800000|100%| O|  |TAMS 0x0000000082800000, 0x0000000082700000| Untracked 
|  40|0x0000000082800000, 0x0000000082900000, 0x0000000082900000|100%| O|  |TAMS 0x0000000082900000, 0x0000000082800000| Untracked 
|  41|0x0000000082900000, 0x0000000082a00000, 0x0000000082a00000|100%| O|  |TAMS 0x0000000082a00000, 0x0000000082900000| Untracked 
|  42|0x0000000082a00000, 0x0000000082b00000, 0x0000000082b00000|100%| O|  |TAMS 0x0000000082a00000, 0x0000000082a00000| Untracked 
|  43|0x0000000082b00000, 0x0000000082c00000, 0x0000000082c00000|100%| O|  |TAMS 0x0000000082b00000, 0x0000000082b00000| Untracked 
|  44|0x0000000082c00000, 0x0000000082d00000, 0x0000000082d00000|100%|HS|  |TAMS 0x0000000082d00000, 0x0000000082c00000| Complete 
|  45|0x0000000082d00000, 0x0000000082e00000, 0x0000000082e00000|100%|HC|  |TAMS 0x0000000082e00000, 0x0000000082d00000| Complete 
|  46|0x0000000082e00000, 0x0000000082f00000, 0x0000000082f00000|100%|HC|  |TAMS 0x0000000082f00000, 0x0000000082e00000| Complete 
|  47|0x0000000082f00000, 0x0000000083000000, 0x0000000083000000|100%| O|  |TAMS 0x0000000082f00000, 0x0000000082f00000| Untracked 
|  48|0x0000000083000000, 0x0000000083100000, 0x0000000083100000|100%| O|  |TAMS 0x0000000083000000, 0x0000000083000000| Untracked 
|  49|0x0000000083100000, 0x0000000083200000, 0x0000000083200000|100%| O|  |TAMS 0x0000000083100000, 0x0000000083100000| Untracked 
|  50|0x0000000083200000, 0x0000000083300000, 0x0000000083300000|100%| O|  |TAMS 0x0000000083300000, 0x0000000083200000| Untracked 
|  51|0x0000000083300000, 0x0000000083400000, 0x0000000083400000|100%| O|  |TAMS 0x0000000083400000, 0x0000000083300000| Untracked 
|  52|0x0000000083400000, 0x0000000083500000, 0x0000000083500000|100%| O|  |TAMS 0x0000000083500000, 0x0000000083400000| Untracked 
|  53|0x0000000083500000, 0x0000000083600000, 0x0000000083600000|100%| O|  |TAMS 0x0000000083600000, 0x0000000083500000| Untracked 
|  54|0x0000000083600000, 0x0000000083700000, 0x0000000083700000|100%| O|  |TAMS 0x0000000083600000, 0x0000000083600000| Untracked 
|  55|0x0000000083700000, 0x0000000083800000, 0x0000000083800000|100%| O|  |TAMS 0x0000000083700000, 0x0000000083700000| Untracked 
|  56|0x0000000083800000, 0x0000000083900000, 0x0000000083900000|100%| O|  |TAMS 0x0000000083800000, 0x0000000083800000| Untracked 
|  57|0x0000000083900000, 0x0000000083a00000, 0x0000000083a00000|100%| O|  |TAMS 0x0000000083900000, 0x0000000083900000| Untracked 
|  58|0x0000000083a00000, 0x0000000083b00000, 0x0000000083b00000|100%| O|  |TAMS 0x0000000083a00000, 0x0000000083a00000| Untracked 
|  59|0x0000000083b00000, 0x0000000083c00000, 0x0000000083c00000|100%| O|  |TAMS 0x0000000083b00000, 0x0000000083b00000| Untracked 
|  60|0x0000000083c00000, 0x0000000083d00000, 0x0000000083d00000|100%| O|  |TAMS 0x0000000083d00000, 0x0000000083c00000| Untracked 
|  61|0x0000000083d00000, 0x0000000083e00000, 0x0000000083e00000|100%| O|  |TAMS 0x0000000083e00000, 0x0000000083d00000| Untracked 
|  62|0x0000000083e00000, 0x0000000083f00000, 0x0000000083f00000|100%| O|  |TAMS 0x0000000083f00000, 0x0000000083e00000| Untracked 
|  63|0x0000000083f00000, 0x0000000084000000, 0x0000000084000000|100%| O|  |TAMS 0x0000000083f00000, 0x0000000083f00000| Untracked 
|  64|0x0000000084000000, 0x0000000084100000, 0x0000000084100000|100%| O|  |TAMS 0x0000000084000000, 0x0000000084000000| Untracked 
|  65|0x0000000084100000, 0x0000000084200000, 0x0000000084200000|100%| O|  |TAMS 0x0000000084200000, 0x0000000084100000| Untracked 
|  66|0x0000000084200000, 0x0000000084300000, 0x0000000084300000|100%| O|  |TAMS 0x0000000084300000, 0x0000000084200000| Untracked 
|  67|0x0000000084300000, 0x0000000084400000, 0x0000000084400000|100%| O|  |TAMS 0x0000000084400000, 0x0000000084300000| Untracked 
|  68|0x0000000084400000, 0x0000000084500000, 0x0000000084500000|100%| O|  |TAMS 0x0000000084500000, 0x0000000084400000| Untracked 
|  69|0x0000000084500000, 0x0000000084600000, 0x0000000084600000|100%| O|  |TAMS 0x0000000084600000, 0x0000000084500000| Untracked 
|  70|0x0000000084600000, 0x0000000084700000, 0x0000000084700000|100%| O|  |TAMS 0x0000000084700000, 0x0000000084600000| Untracked 
|  71|0x0000000084700000, 0x0000000084800000, 0x0000000084800000|100%| O|  |TAMS 0x0000000084800000, 0x0000000084700000| Untracked 
|  72|0x0000000084800000, 0x0000000084900000, 0x0000000084900000|100%| O|  |TAMS 0x0000000084900000, 0x0000000084800000| Untracked 
|  73|0x0000000084900000, 0x0000000084a00000, 0x0000000084a00000|100%| O|  |TAMS 0x0000000084a00000, 0x0000000084900000| Untracked 
|  74|0x0000000084a00000, 0x0000000084b00000, 0x0000000084b00000|100%| O|  |TAMS 0x0000000084b00000, 0x0000000084a00000| Untracked 
|  75|0x0000000084b00000, 0x0000000084c00000, 0x0000000084c00000|100%| O|  |TAMS 0x0000000084c00000, 0x0000000084b00000| Untracked 
|  76|0x0000000084c00000, 0x0000000084d00000, 0x0000000084d00000|100%| O|  |TAMS 0x0000000084d00000, 0x0000000084c00000| Untracked 
|  77|0x0000000084d00000, 0x0000000084e00000, 0x0000000084e00000|100%| O|  |TAMS 0x0000000084e00000, 0x0000000084d00000| Untracked 
|  78|0x0000000084e00000, 0x0000000084f00000, 0x0000000084f00000|100%| O|  |TAMS 0x0000000084f00000, 0x0000000084e00000| Untracked 
|  79|0x0000000084f00000, 0x0000000085000000, 0x0000000085000000|100%| O|  |TAMS 0x0000000085000000, 0x0000000084f00000| Untracked 
|  80|0x0000000085000000, 0x0000000085100000, 0x0000000085100000|100%| O|  |TAMS 0x0000000085100000, 0x0000000085000000| Untracked 
|  81|0x0000000085100000, 0x0000000085200000, 0x0000000085200000|100%| O|  |TAMS 0x0000000085200000, 0x0000000085100000| Untracked 
|  82|0x0000000085200000, 0x0000000085300000, 0x0000000085300000|100%| O|  |TAMS 0x0000000085300000, 0x0000000085200000| Untracked 
|  83|0x0000000085300000, 0x0000000085400000, 0x0000000085400000|100%| O|  |TAMS 0x0000000085400000, 0x0000000085300000| Untracked 
|  84|0x0000000085400000, 0x0000000085500000, 0x0000000085500000|100%| O|  |TAMS 0x0000000085500000, 0x0000000085400000| Untracked 
|  85|0x0000000085500000, 0x0000000085600000, 0x0000000085600000|100%| O|  |TAMS 0x0000000085600000, 0x0000000085500000| Untracked 
|  86|0x0000000085600000, 0x0000000085700000, 0x0000000085700000|100%| O|  |TAMS 0x0000000085600000, 0x0000000085600000| Untracked 
|  87|0x0000000085700000, 0x00000000857b1400, 0x0000000085800000| 69%| O|  |TAMS 0x0000000085700000, 0x0000000085700000| Untracked 
|  88|0x0000000085800000, 0x0000000085800000, 0x0000000085900000|  0%| F|  |TAMS 0x0000000085800000, 0x0000000085800000| Untracked 
|  89|0x0000000085900000, 0x0000000085900000, 0x0000000085a00000|  0%| F|  |TAMS 0x0000000085900000, 0x0000000085900000| Untracked 
|  90|0x0000000085a00000, 0x0000000085a00000, 0x0000000085b00000|  0%| F|  |TAMS 0x0000000085a00000, 0x0000000085a00000| Untracked 
|  91|0x0000000085b00000, 0x0000000085b00000, 0x0000000085c00000|  0%| F|  |TAMS 0x0000000085b00000, 0x0000000085b00000| Untracked 
|  92|0x0000000085c00000, 0x0000000085c00000, 0x0000000085d00000|  0%| F|  |TAMS 0x0000000085c00000, 0x0000000085c00000| Untracked 
|  93|0x0000000085d00000, 0x0000000085d00000, 0x0000000085e00000|  0%| F|  |TAMS 0x0000000085d00000, 0x0000000085d00000| Untracked 
|  94|0x0000000085e00000, 0x0000000085e00000, 0x0000000085f00000|  0%| F|  |TAMS 0x0000000085e00000, 0x0000000085e00000| Untracked 
|  95|0x0000000085f00000, 0x0000000085f00000, 0x0000000086000000|  0%| F|  |TAMS 0x0000000085f00000, 0x0000000085f00000| Untracked 
|  96|0x0000000086000000, 0x0000000086000000, 0x0000000086100000|  0%| F|  |TAMS 0x0000000086000000, 0x0000000086000000| Untracked 
|  97|0x0000000086100000, 0x0000000086100000, 0x0000000086200000|  0%| F|  |TAMS 0x0000000086100000, 0x0000000086100000| Untracked 
|  98|0x0000000086200000, 0x0000000086200000, 0x0000000086300000|  0%| F|  |TAMS 0x0000000086200000, 0x0000000086200000| Untracked 
|  99|0x0000000086300000, 0x0000000086300000, 0x0000000086400000|  0%| F|  |TAMS 0x0000000086300000, 0x0000000086300000| Untracked 
| 100|0x0000000086400000, 0x0000000086400000, 0x0000000086500000|  0%| F|  |TAMS 0x0000000086400000, 0x0000000086400000| Untracked 
| 101|0x0000000086500000, 0x0000000086500000, 0x0000000086600000|  0%| F|  |TAMS 0x0000000086500000, 0x0000000086500000| Untracked 
| 102|0x0000000086600000, 0x0000000086600000, 0x0000000086700000|  0%| F|  |TAMS 0x0000000086600000, 0x0000000086600000| Untracked 
| 103|0x0000000086700000, 0x0000000086700000, 0x0000000086800000|  0%| F|  |TAMS 0x0000000086700000, 0x0000000086700000| Untracked 
| 104|0x0000000086800000, 0x0000000086800000, 0x0000000086900000|  0%| F|  |TAMS 0x0000000086800000, 0x0000000086800000| Untracked 
| 105|0x0000000086900000, 0x0000000086900000, 0x0000000086a00000|  0%| F|  |TAMS 0x0000000086900000, 0x0000000086900000| Untracked 
| 106|0x0000000086a00000, 0x0000000086a00000, 0x0000000086b00000|  0%| F|  |TAMS 0x0000000086a00000, 0x0000000086a00000| Untracked 
| 107|0x0000000086b00000, 0x0000000086b00000, 0x0000000086c00000|  0%| F|  |TAMS 0x0000000086b00000, 0x0000000086b00000| Untracked 
| 108|0x0000000086c00000, 0x0000000086c00000, 0x0000000086d00000|  0%| F|  |TAMS 0x0000000086c00000, 0x0000000086c00000| Untracked 
| 109|0x0000000086d00000, 0x0000000086d00000, 0x0000000086e00000|  0%| F|  |TAMS 0x0000000086d00000, 0x0000000086d00000| Untracked 
| 110|0x0000000086e00000, 0x0000000086e00000, 0x0000000086f00000|  0%| F|  |TAMS 0x0000000086e00000, 0x0000000086e00000| Untracked 
| 111|0x0000000086f00000, 0x0000000086f00000, 0x0000000087000000|  0%| F|  |TAMS 0x0000000086f00000, 0x0000000086f00000| Untracked 
| 112|0x0000000087000000, 0x0000000087000000, 0x0000000087100000|  0%| F|  |TAMS 0x0000000087000000, 0x0000000087000000| Untracked 
| 113|0x0000000087100000, 0x0000000087100000, 0x0000000087200000|  0%| F|  |TAMS 0x0000000087100000, 0x0000000087100000| Untracked 
| 114|0x0000000087200000, 0x0000000087200000, 0x0000000087300000|  0%| F|  |TAMS 0x0000000087200000, 0x0000000087200000| Untracked 
| 115|0x0000000087300000, 0x0000000087300000, 0x0000000087400000|  0%| F|  |TAMS 0x0000000087300000, 0x0000000087300000| Untracked 
| 116|0x0000000087400000, 0x0000000087400000, 0x0000000087500000|  0%| F|  |TAMS 0x0000000087400000, 0x0000000087400000| Untracked 
| 117|0x0000000087500000, 0x0000000087500000, 0x0000000087600000|  0%| F|  |TAMS 0x0000000087500000, 0x0000000087500000| Untracked 
| 118|0x0000000087600000, 0x0000000087600000, 0x0000000087700000|  0%| F|  |TAMS 0x0000000087600000, 0x0000000087600000| Untracked 
| 119|0x0000000087700000, 0x0000000087700000, 0x0000000087800000|  0%| F|  |TAMS 0x0000000087700000, 0x0000000087700000| Untracked 
| 120|0x0000000087800000, 0x0000000087800000, 0x0000000087900000|  0%| F|  |TAMS 0x0000000087800000, 0x0000000087800000| Untracked 
| 121|0x0000000087900000, 0x0000000087900000, 0x0000000087a00000|  0%| F|  |TAMS 0x0000000087900000, 0x0000000087900000| Untracked 
| 122|0x0000000087a00000, 0x0000000087a00000, 0x0000000087b00000|  0%| F|  |TAMS 0x0000000087a00000, 0x0000000087a00000| Untracked 
| 123|0x0000000087b00000, 0x0000000087b00000, 0x0000000087c00000|  0%| F|  |TAMS 0x0000000087b00000, 0x0000000087b00000| Untracked 
| 124|0x0000000087c00000, 0x0000000087c00000, 0x0000000087d00000|  0%| F|  |TAMS 0x0000000087c00000, 0x0000000087c00000| Untracked 
| 125|0x0000000087d00000, 0x0000000087d00000, 0x0000000087e00000|  0%| F|  |TAMS 0x0000000087d00000, 0x0000000087d00000| Untracked 
| 126|0x0000000087e00000, 0x0000000087e00000, 0x0000000087f00000|  0%| F|  |TAMS 0x0000000087e00000, 0x0000000087e00000| Untracked 
| 127|0x0000000087f00000, 0x0000000087f00000, 0x0000000088000000|  0%| F|  |TAMS 0x0000000087f00000, 0x0000000087f00000| Untracked 
| 128|0x0000000088000000, 0x0000000088000000, 0x0000000088100000|  0%| F|  |TAMS 0x0000000088000000, 0x0000000088000000| Untracked 
| 129|0x0000000088100000, 0x0000000088200000, 0x0000000088200000|100%| S|CS|TAMS 0x0000000088100000, 0x0000000088100000| Complete 
| 130|0x0000000088200000, 0x0000000088200000, 0x0000000088300000|  0%| F|  |TAMS 0x0000000088200000, 0x0000000088200000| Untracked 
| 131|0x0000000088300000, 0x0000000088300000, 0x0000000088400000|  0%| F|  |TAMS 0x0000000088300000, 0x0000000088300000| Untracked 
| 132|0x0000000088400000, 0x0000000088400000, 0x0000000088500000|  0%| F|  |TAMS 0x0000000088400000, 0x0000000088400000| Untracked 
| 133|0x0000000088500000, 0x0000000088500000, 0x0000000088600000|  0%| F|  |TAMS 0x0000000088500000, 0x0000000088500000| Untracked 
| 134|0x0000000088600000, 0x0000000088600000, 0x0000000088700000|  0%| F|  |TAMS 0x0000000088600000, 0x0000000088600000| Untracked 
| 135|0x0000000088700000, 0x0000000088700000, 0x0000000088800000|  0%| F|  |TAMS 0x0000000088700000, 0x0000000088700000| Untracked 
| 136|0x0000000088800000, 0x0000000088800000, 0x0000000088900000|  0%| F|  |TAMS 0x0000000088800000, 0x0000000088800000| Untracked 
| 137|0x0000000088900000, 0x0000000088a00000, 0x0000000088a00000|100%| S|CS|TAMS 0x0000000088900000, 0x0000000088900000| Complete 
| 138|0x0000000088a00000, 0x0000000088b00000, 0x0000000088b00000|100%| S|CS|TAMS 0x0000000088a00000, 0x0000000088a00000| Complete 
| 139|0x0000000088b00000, 0x0000000088b00000, 0x0000000088c00000|  0%| F|  |TAMS 0x0000000088b00000, 0x0000000088b00000| Untracked 
| 140|0x0000000088c00000, 0x0000000088c00000, 0x0000000088d00000|  0%| F|  |TAMS 0x0000000088c00000, 0x0000000088c00000| Untracked 
| 141|0x0000000088d00000, 0x0000000088d00000, 0x0000000088e00000|  0%| F|  |TAMS 0x0000000088d00000, 0x0000000088d00000| Untracked 
| 142|0x0000000088e00000, 0x0000000088e00000, 0x0000000088f00000|  0%| F|  |TAMS 0x0000000088e00000, 0x0000000088e00000| Untracked 
| 143|0x0000000088f00000, 0x0000000088f00000, 0x0000000089000000|  0%| F|  |TAMS 0x0000000088f00000, 0x0000000088f00000| Untracked 
| 144|0x0000000089000000, 0x0000000089000000, 0x0000000089100000|  0%| F|  |TAMS 0x0000000089000000, 0x0000000089000000| Untracked 
| 145|0x0000000089100000, 0x0000000089100000, 0x0000000089200000|  0%| F|  |TAMS 0x0000000089100000, 0x0000000089100000| Untracked 
| 146|0x0000000089200000, 0x0000000089200000, 0x0000000089300000|  0%| F|  |TAMS 0x0000000089200000, 0x0000000089200000| Untracked 
| 147|0x0000000089300000, 0x0000000089300000, 0x0000000089400000|  0%| F|  |TAMS 0x0000000089300000, 0x0000000089300000| Untracked 
| 148|0x0000000089400000, 0x0000000089400000, 0x0000000089500000|  0%| F|  |TAMS 0x0000000089400000, 0x0000000089400000| Untracked 
| 149|0x0000000089500000, 0x0000000089500000, 0x0000000089600000|  0%| F|  |TAMS 0x0000000089500000, 0x0000000089500000| Untracked 
| 150|0x0000000089600000, 0x0000000089600000, 0x0000000089700000|  0%| F|  |TAMS 0x0000000089600000, 0x0000000089600000| Untracked 
| 151|0x0000000089700000, 0x0000000089700000, 0x0000000089800000|  0%| F|  |TAMS 0x0000000089700000, 0x0000000089700000| Untracked 

Card table byte_map: [0x000001f03c920000,0x000001f03cd20000] _byte_map_base: 0x000001f03c520000

Marking Bits (Prev, Next): (CMBitMap*) 0x000001f024a83ea8, (CMBitMap*) 0x000001f024a83e68
 Prev Bits: [0x000001f03f120000, 0x000001f041120000)
 Next Bits: [0x000001f03d120000, 0x000001f03f120000)

Polling page: 0x000001f022920000

Metaspace:

Usage:
  Non-class:     32.49 MB capacity,    31.57 MB ( 97%) used,   849.06 KB (  3%) free+waste,    91.81 KB ( <1%) overhead. 
      Class:      5.43 MB capacity,     5.04 MB ( 93%) used,   348.20 KB (  6%) free+waste,    46.63 KB ( <1%) overhead. 
       Both:     37.92 MB capacity,    36.61 MB ( 97%) used,     1.17 MB (  3%) free+waste,   138.44 KB ( <1%) overhead. 

Virtual space:
  Non-class space:       34.00 MB reserved,      32.70 MB ( 96%) committed 
      Class space:        1.00 GB reserved,       5.50 MB ( <1%) committed 
             Both:        1.03 GB reserved,      38.20 MB (  4%) committed 

Chunk freelists:
   Non-Class:  26.00 KB
       Class:  10.00 KB
        Both:  36.00 KB

MaxMetaspaceSize: 17179869184.00 GB
CompressedClassSpaceSize: 1.00 GB

CodeHeap 'non-profiled nmethods': size=120000Kb used=2251Kb max_used=2251Kb free=117748Kb
 bounds [0x000001f034cc0000, 0x000001f034f30000, 0x000001f03c1f0000]
CodeHeap 'profiled nmethods': size=120000Kb used=9606Kb max_used=9606Kb free=110393Kb
 bounds [0x000001f02d790000, 0x000001f02e100000, 0x000001f034cc0000]
CodeHeap 'non-nmethods': size=5760Kb used=2326Kb max_used=2377Kb free=3433Kb
 bounds [0x000001f02d1f0000, 0x000001f02d460000, 0x000001f02d790000]
 total_blobs=5377 nmethods=4577 adapters=712
 compilation: enabled
              stopped_count=0, restarted_count=0
 full_count=0

Compilation events (20 events):
Event: 15.265 Thread 0x000001f043b6a000 4624       4       org.gradle.api.internal.file.archive.JdkZipEntry::isDirectory (8 bytes)
Event: 15.269 Thread 0x000001f043b6a000 nmethod 4624 0x000001f034eed590 code [0x000001f034eed740, 0x000001f034eed8b8]
Event: 15.269 Thread 0x000001f043b6a000 4625       4       java.nio.ByteBuffer::order (48 bytes)
Event: 15.270 Thread 0x000001f043b6a000 nmethod 4625 0x000001f034eeda10 code [0x000001f034eedba0, 0x000001f034eedc58]
Event: 15.270 Thread 0x000001f043b6a000 4628       4       org.gradle.api.internal.file.archive.FileZipInput$1$1::get (5 bytes)
Event: 15.272 Thread 0x000001f043b6a000 nmethod 4628 0x000001f034eedd10 code [0x000001f034eedee0, 0x000001f034eee0a8]
Event: 15.278 Thread 0x000001f043b6a000 4629       4       java.util.zip.ZipFile$ZipEntryIterator::hasMoreElements (5 bytes)
Event: 15.280 Thread 0x000001f043b6a000 nmethod 4629 0x000001f034eee210 code [0x000001f034eee3a0, 0x000001f034eee458]
Event: 15.477 Thread 0x000001f043b6a000 4630       4       com.google.common.collect.AbstractIterator::hasNext (65 bytes)
Event: 15.557 Thread 0x000001f043b6a000 nmethod 4630 0x000001f034eee510 code [0x000001f034eee900, 0x000001f034ef04e8]
Event: 15.658 Thread 0x000001f043b6a000 4631   !   4       jdk.internal.ref.PhantomCleanable::isListEmpty (34 bytes)
Event: 15.662 Thread 0x000001f043b6a000 nmethod 4631 0x000001f034ef1210 code [0x000001f034ef13c0, 0x000001f034ef1698]
Event: 15.733 Thread 0x000001f043b6a000 4632   !   4       java.lang.ref.ReferenceQueue::remove (125 bytes)
Event: 15.756 Thread 0x000001f043b6a000 nmethod 4632 0x000001f034ef1790 code [0x000001f034ef19a0, 0x000001f034ef2470]
Event: 15.757 Thread 0x000001f043b6a000 4633       4       java.util.concurrent.locks.AbstractQueuedSynchronizer::signalNext (34 bytes)
Event: 15.760 Thread 0x000001f043b6a000 nmethod 4633 0x000001f034ef2790 code [0x000001f034ef2920, 0x000001f034ef2a28]
Event: 15.850 Thread 0x000001f043b6a000 4634       4       java.util.HashMap::put (13 bytes)
Event: 15.851 Thread 0x000001f043b76800 4635       3       javax.management.ObjectName::construct (1135 bytes)
Event: 15.853 Thread 0x000001f043b6a000 nmethod 4634 0x000001f034ef2b90 code [0x000001f034ef2d20, 0x000001f034ef2e68]
Event: 15.862 Thread 0x000001f043b76800 nmethod 4635 0x000001f02e0ebf90 code [0x000001f02e0ec600, 0x000001f02e0f0388]

GC Heap History (20 events):
Event: 11.566 GC heap after
{Heap after GC invocations=7 (full 0):
 garbage-first heap   total 109568K, used 44400K [0x0000000080000000, 0x0000000100000000)
  region size 1024K, 6 young (6144K), 6 survivors (6144K)
 Metaspace       used 33258K, capacity 34365K, committed 34688K, reserved 1079296K
  class space    used 4553K, capacity 4889K, committed 4992K, reserved 1048576K
}
Event: 11.977 GC heap before
{Heap before GC invocations=7 (full 0):
 garbage-first heap   total 109568K, used 59760K [0x0000000080000000, 0x0000000100000000)
  region size 1024K, 22 young (22528K), 6 survivors (6144K)
 Metaspace       used 34626K, capacity 35761K, committed 35840K, reserved 1079296K
  class space    used 4765K, capacity 5119K, committed 5120K, reserved 1048576K
}
Event: 11.986 GC heap after
{Heap after GC invocations=8 (full 0):
 garbage-first heap   total 109568K, used 45453K [0x0000000080000000, 0x0000000100000000)
  region size 1024K, 2 young (2048K), 2 survivors (2048K)
 Metaspace       used 34626K, capacity 35761K, committed 35840K, reserved 1079296K
  class space    used 4765K, capacity 5119K, committed 5120K, reserved 1048576K
}
Event: 13.386 GC heap before
{Heap before GC invocations=9 (full 0):
 garbage-first heap   total 109568K, used 85389K [0x0000000080000000, 0x0000000100000000)
  region size 1024K, 41 young (41984K), 2 survivors (2048K)
 Metaspace       used 36842K, capacity 38152K, committed 38348K, reserved 1081344K
  class space    used 5102K, capacity 5530K, committed 5632K, reserved 1048576K
}
Event: 13.393 GC heap after
{Heap after GC invocations=10 (full 0):
 garbage-first heap   total 109568K, used 48034K [0x0000000080000000, 0x0000000100000000)
  region size 1024K, 4 young (4096K), 4 survivors (4096K)
 Metaspace       used 36842K, capacity 38152K, committed 38348K, reserved 1081344K
  class space    used 5102K, capacity 5530K, committed 5632K, reserved 1048576K
}
Event: 14.231 GC heap before
{Heap before GC invocations=10 (full 0):
 garbage-first heap   total 109568K, used 87970K [0x0000000080000000, 0x0000000100000000)
  region size 1024K, 41 young (41984K), 4 survivors (4096K)
 Metaspace       used 37459K, capacity 38792K, committed 38860K, reserved 1083392K
  class space    used 5162K, capacity 5570K, committed 5632K, reserved 1048576K
}
Event: 14.248 GC heap after
{Heap after GC invocations=11 (full 0):
 garbage-first heap   total 109568K, used 58384K [0x0000000080000000, 0x0000000100000000)
  region size 1024K, 6 young (6144K), 6 survivors (6144K)
 Metaspace       used 37459K, capacity 38792K, committed 38860K, reserved 1083392K
  class space    used 5162K, capacity 5570K, committed 5632K, reserved 1048576K
}
Event: 14.544 GC heap before
{Heap before GC invocations=11 (full 0):
 garbage-first heap   total 109568K, used 85008K [0x0000000080000000, 0x0000000100000000)
  region size 1024K, 32 young (32768K), 6 survivors (6144K)
 Metaspace       used 37460K, capacity 38792K, committed 38860K, reserved 1083392K
  class space    used 5163K, capacity 5570K, committed 5632K, reserved 1048576K
}
Event: 14.551 GC heap after
{Heap after GC invocations=12 (full 0):
 garbage-first heap   total 109568K, used 64709K [0x0000000080000000, 0x0000000100000000)
  region size 1024K, 4 young (4096K), 4 survivors (4096K)
 Metaspace       used 37460K, capacity 38792K, committed 38860K, reserved 1083392K
  class space    used 5163K, capacity 5570K, committed 5632K, reserved 1048576K
}
Event: 14.782 GC heap before
{Heap before GC invocations=13 (full 0):
 garbage-first heap   total 119808K, used 84165K [0x0000000080000000, 0x0000000100000000)
  region size 1024K, 23 young (23552K), 4 survivors (4096K)
 Metaspace       used 37460K, capacity 38792K, committed 38860K, reserved 1083392K
  class space    used 5163K, capacity 5570K, committed 5632K, reserved 1048576K
}
Event: 14.787 GC heap after
{Heap after GC invocations=14 (full 0):
 garbage-first heap   total 119808K, used 68475K [0x0000000080000000, 0x0000000100000000)
  region size 1024K, 3 young (3072K), 3 survivors (3072K)
 Metaspace       used 37460K, capacity 38792K, committed 38860K, reserved 1083392K
  class space    used 5163K, capacity 5570K, committed 5632K, reserved 1048576K
}
Event: 15.072 GC heap before
{Heap before GC invocations=14 (full 0):
 garbage-first heap   total 119808K, used 89979K [0x0000000080000000, 0x0000000100000000)
  region size 1024K, 24 young (24576K), 3 survivors (3072K)
 Metaspace       used 37499K, capacity 38856K, committed 39116K, reserved 1083392K
  class space    used 5170K, capacity 5570K, committed 5632K, reserved 1048576K
}
Event: 15.078 GC heap after
{Heap after GC invocations=15 (full 0):
 garbage-first heap   total 119808K, used 76576K [0x0000000080000000, 0x0000000100000000)
  region size 1024K, 3 young (3072K), 3 survivors (3072K)
 Metaspace       used 37499K, capacity 38856K, committed 39116K, reserved 1083392K
  class space    used 5170K, capacity 5570K, committed 5632K, reserved 1048576K
}
Event: 15.291 GC heap before
{Heap before GC invocations=16 (full 0):
 garbage-first heap   total 140288K, used 91936K [0x0000000080000000, 0x0000000100000000)
  region size 1024K, 19 young (19456K), 3 survivors (3072K)
 Metaspace       used 37481K, capacity 38826K, committed 39116K, reserved 1083392K
  class space    used 5165K, capacity 5560K, committed 5632K, reserved 1048576K
}
Event: 15.296 GC heap after
{Heap after GC invocations=17 (full 0):
 garbage-first heap   total 140288K, used 81289K [0x0000000080000000, 0x0000000100000000)
  region size 1024K, 3 young (3072K), 3 survivors (3072K)
 Metaspace       used 37481K, capacity 38826K, committed 39116K, reserved 1083392K
  class space    used 5165K, capacity 5560K, committed 5632K, reserved 1048576K
}
Event: 15.330 GC heap before
{Heap before GC invocations=17 (full 0):
 garbage-first heap   total 140288K, used 83337K [0x0000000080000000, 0x0000000100000000)
  region size 1024K, 6 young (6144K), 3 survivors (3072K)
 Metaspace       used 37481K, capacity 38826K, committed 39116K, reserved 1083392K
  class space    used 5165K, capacity 5560K, committed 5632K, reserved 1048576K
}
Event: 15.337 GC heap after
{Heap after GC invocations=18 (full 0):
 garbage-first heap   total 140288K, used 74752K [0x0000000080000000, 0x0000000100000000)
  region size 1024K, 1 young (1024K), 1 survivors (1024K)
 Metaspace       used 37481K, capacity 38826K, committed 39116K, reserved 1083392K
  class space    used 5165K, capacity 5560K, committed 5632K, reserved 1048576K
}
Event: 15.650 GC heap before
{Heap before GC invocations=18 (full 0):
 garbage-first heap   total 140288K, used 102400K [0x0000000080000000, 0x0000000100000000)
  region size 1024K, 28 young (28672K), 1 survivors (1024K)
 Metaspace       used 37481K, capacity 38826K, committed 39116K, reserved 1083392K
  class space    used 5165K, capacity 5560K, committed 5632K, reserved 1048576K
}
Event: 15.657 GC heap after
{Heap after GC invocations=19 (full 0):
 garbage-first heap   total 140288K, used 86016K [0x0000000080000000, 0x0000000100000000)
  region size 1024K, 4 young (4096K), 4 survivors (4096K)
 Metaspace       used 37481K, capacity 38826K, committed 39116K, reserved 1083392K
  class space    used 5165K, capacity 5560K, committed 5632K, reserved 1048576K
}
Event: 15.875 GC heap before
{Heap before GC invocations=20 (full 0):
 garbage-first heap   total 155648K, used 106496K [0x0000000080000000, 0x0000000100000000)
  region size 1024K, 24 young (24576K), 4 survivors (4096K)
 Metaspace       used 37490K, capacity 38826K, committed 39116K, reserved 1083392K
  class space    used 5165K, capacity 5560K, committed 5632K, reserved 1048576K
}

Deoptimization events (20 events):
Event: 13.880 Thread 0x000001f045d76800 Uncommon trap: trap_request=0xffffff45 fr.pc=0x000001f034e328d0 relative=0x0000000000000290
Event: 13.880 Thread 0x000001f045d76800 Uncommon trap: reason=unstable_if action=reinterpret pc=0x000001f034e328d0 method=org.gradle.internal.snapshot.PathUtil.equalChars(CCLorg/gradle/internal/snapshot/CaseSensitivity;)Z @ 11 c2
Event: 13.880 Thread 0x000001f045d76800 DEOPT PACKING pc=0x000001f034e328d0 sp=0x000000af508f97e0
Event: 13.880 Thread 0x000001f045d76800 DEOPT UNPACKING pc=0x000001f02d23912f sp=0x000000af508f9778 mode 2
Event: 13.950 Thread 0x000001f045d76800 DEOPT PACKING pc=0x000001f02dc546bb sp=0x000000af508fa620
Event: 13.950 Thread 0x000001f045d76800 DEOPT UNPACKING pc=0x000001f02d23964e sp=0x000000af508f9b58 mode 0
Event: 14.326 Thread 0x000001f045d76800 DEOPT PACKING pc=0x000001f02da9fe3f sp=0x000000af508fa8f0
Event: 14.326 Thread 0x000001f045d76800 DEOPT UNPACKING pc=0x000001f02d23964e sp=0x000000af508f9d10 mode 0
Event: 14.810 Thread 0x000001f045d76800 Uncommon trap: trap_request=0xffffff45 fr.pc=0x000001f034eda9dc relative=0x000000000000145c
Event: 14.810 Thread 0x000001f045d76800 Uncommon trap: reason=unstable_if action=reinterpret pc=0x000001f034eda9dc method=java.lang.StringCoding.newStringUTF8NoRepl([BII)Ljava/lang/String; @ 12 c2
Event: 14.811 Thread 0x000001f045d76800 DEOPT PACKING pc=0x000001f034eda9dc sp=0x000000af508fab80
Event: 14.811 Thread 0x000001f045d76800 DEOPT UNPACKING pc=0x000001f02d23912f sp=0x000000af508fa740 mode 2
Event: 14.811 Thread 0x000001f045d76800 Uncommon trap: trap_request=0xffffff45 fr.pc=0x000001f034d09cc0 relative=0x00000000000001e0
Event: 14.811 Thread 0x000001f045d76800 Uncommon trap: reason=unstable_if action=reinterpret pc=0x000001f034d09cc0 method=java.lang.String.startsWith(Ljava/lang/String;I)Z @ 50 c2
Event: 14.811 Thread 0x000001f045d76800 DEOPT PACKING pc=0x000001f034d09cc0 sp=0x000000af508fab90
Event: 14.811 Thread 0x000001f045d76800 DEOPT UNPACKING pc=0x000001f02d23912f sp=0x000000af508faaf0 mode 2
Event: 14.811 Thread 0x000001f045d76800 Uncommon trap: trap_request=0xffffff45 fr.pc=0x000001f034ec90d8 relative=0x0000000000000678
Event: 14.811 Thread 0x000001f045d76800 Uncommon trap: reason=unstable_if action=reinterpret pc=0x000001f034ec90d8 method=java.lang.String.regionMatches(ZILjava/lang/String;II)Z @ 81 c2
Event: 14.811 Thread 0x000001f045d76800 DEOPT PACKING pc=0x000001f034ec90d8 sp=0x000000af508fabb0
Event: 14.811 Thread 0x000001f045d76800 DEOPT UNPACKING pc=0x000001f02d23912f sp=0x000000af508fab20 mode 2

Classes unloaded (10 events):
Event: 15.153 Thread 0x000001f043b43000 Unloading class 0x000000080109fc40 'org/gradle/internal/resource/cached/AbstractCachedIndex$$Lambda$355'
Event: 15.153 Thread 0x000001f043b43000 Unloading class 0x000000080109f840 'org/gradle/internal/resource/cached/AbstractCachedIndex$$Lambda$354'
Event: 15.153 Thread 0x000001f043b43000 Unloading class 0x000000080109f440 'org/gradle/internal/resource/cached/AbstractCachedIndex$$Lambda$353'
Event: 15.153 Thread 0x000001f043b43000 Unloading class 0x000000080109f040 'org/gradle/internal/resource/cached/AbstractCachedIndex$$Lambda$352'
Event: 15.153 Thread 0x000001f043b43000 Unloading class 0x000000080109e840 'org/gradle/api/internal/artifacts/ivyservice/ivyresolve/ErrorHandlingModuleComponentRepository$ErrorHandlingModuleComponentRepositoryAccess$$Lambda$350'
Event: 15.153 Thread 0x000001f043b43000 Unloading class 0x000000080109e440 'org/gradle/api/internal/artifacts/ivyservice/ivyresolve/ErrorHandlingModuleComponentRepository$ErrorHandlingModuleComponentRepositoryAccess$$Lambda$349'
Event: 15.153 Thread 0x000001f043b43000 Unloading class 0x000000080109dc40 'org/gradle/api/internal/artifacts/ivyservice/ivyresolve/ErrorHandlingModuleComponentRepository$ErrorHandlingModuleComponentRepositoryAccess$$Lambda$347'
Event: 15.153 Thread 0x000001f043b43000 Unloading class 0x000000080109d440 'org/gradle/api/internal/artifacts/ivyservice/ivyresolve/ErrorHandlingModuleComponentRepository$ErrorHandlingModuleComponentRepositoryAccess$$Lambda$345'
Event: 15.153 Thread 0x000001f043b43000 Unloading class 0x000000080109d040 'org/gradle/api/internal/artifacts/ivyservice/ivyresolve/ErrorHandlingModuleComponentRepository$ErrorHandlingModuleComponentRepositoryAccess$$Lambda$343'
Event: 15.153 Thread 0x000001f043b43000 Unloading class 0x000000080109c840 'org/gradle/api/internal/artifacts/ivyservice/ivyresolve/ErrorHandlingModuleComponentRepository$ErrorHandlingModuleComponentRepositoryAccess$$Lambda$344'

Classes redefined (0 events):
No events

Internal exceptions (20 events):
Event: 12.695 Thread 0x000001f045d76800 Exception <a 'java/lang/ClassNotFoundException'{0x0000000085d94140}: org/gradle/api/internal/DefaultNamedDomainObjectListBeanInfo> (0x0000000085d94140) 
thrown [./open/src/hotspot/share/classfile/systemDictionary.cpp, line 226]
Event: 12.697 Thread 0x000001f045d76800 Exception <a 'java/lang/ClassNotFoundException'{0x0000000085db7538}: org/gradle/api/internal/DefaultNamedDomainObjectCollectionBeanInfo> (0x0000000085db7538) 
thrown [./open/src/hotspot/share/classfile/systemDictionary.cpp, line 226]
Event: 12.698 Thread 0x000001f045d76800 Exception <a 'java/lang/ClassNotFoundException'{0x0000000085dd9ee0}: org/gradle/api/internal/DefaultDomainObjectCollectionBeanInfo> (0x0000000085dd9ee0) 
thrown [./open/src/hotspot/share/classfile/systemDictionary.cpp, line 226]
Event: 12.702 Thread 0x000001f045d76800 Exception <a 'java/lang/ClassNotFoundException'{0x0000000085dfca18}: org/gradle/api/internal/DefaultDomainObjectCollectionCustomizer> (0x0000000085dfca18) 
thrown [./open/src/hotspot/share/classfile/systemDictionary.cpp, line 226]
Event: 12.707 Thread 0x000001f045d76800 Exception <a 'java/lang/ClassNotFoundException'{0x0000000085c3e650}: org/gradle/api/internal/DefaultNamedDomainObjectCollectionCustomizer> (0x0000000085c3e650) 
thrown [./open/src/hotspot/share/classfile/systemDictionary.cpp, line 226]
Event: 12.713 Thread 0x000001f045d76800 Exception <a 'java/lang/ClassNotFoundException'{0x0000000085c878e0}: org/gradle/api/internal/DefaultNamedDomainObjectListCustomizer> (0x0000000085c878e0) 
thrown [./open/src/hotspot/share/classfile/systemDictionary.cpp, line 226]
Event: 12.716 Thread 0x000001f045d76800 Exception <a 'java/lang/ClassNotFoundException'{0x0000000085cd3248}: org/gradle/api/internal/artifacts/DefaultArtifactRepositoryContainerCustomizer> (0x0000000085cd3248) 
thrown [./open/src/hotspot/share/classfile/systemDictionary.cpp, line 226]
Event: 12.720 Thread 0x000001f045d76800 Exception <a 'java/lang/ClassNotFoundException'{0x0000000085b15000}: org/gradle/api/internal/artifacts/dsl/DefaultRepositoryHandlerCustomizer> (0x0000000085b15000) 
thrown [./open/src/hotspot/share/classfile/systemDictionary.cpp, line 226]
Event: 12.722 Thread 0x000001f045d76800 Exception <a 'java/lang/ClassNotFoundException'{0x0000000085b66740}: org/gradle/api/internal/artifacts/dsl/DefaultRepositoryHandler_DecoratedCustomizer> (0x0000000085b66740) 
thrown [./open/src/hotspot/share/classfile/systemDictionary.cpp, line 226]
Event: 12.797 Thread 0x000001f045d76800 Exception <a 'java/lang/NoSuchMethodError'{0x00000000856f6200}: 'int java.lang.invoke.DirectMethodHandle$Holder.invokeStaticInit(java.lang.Object, java.lang.Object, java.lang.Object, java.lang.Object)'> (0x00000000856f6200) 
thrown [./open/src/hotspot/share/interpreter/linkResolver.cpp, line 766]
Event: 12.836 Thread 0x000001f045d76800 Exception <a 'java/lang/ClassNotFoundException'{0x000000008548c0e0}: groovy/lang/GString$1BeanInfo> (0x000000008548c0e0) 
thrown [./open/src/hotspot/share/classfile/systemDictionary.cpp, line 226]
Event: 12.838 Thread 0x000001f045d76800 Exception <a 'java/lang/ClassNotFoundException'{0x00000000854a6b60}: groovy/lang/GStringBeanInfo> (0x00000000854a6b60) 
thrown [./open/src/hotspot/share/classfile/systemDictionary.cpp, line 226]
Event: 12.840 Thread 0x000001f045d76800 Exception <a 'java/lang/ClassNotFoundException'{0x00000000854c1620}: groovy/lang/GStringCustomizer> (0x00000000854c1620) 
thrown [./open/src/hotspot/share/classfile/systemDictionary.cpp, line 226]
Event: 12.842 Thread 0x000001f045d76800 Exception <a 'java/lang/ClassNotFoundException'{0x00000000854e62d8}: groovy/lang/GString$1Customizer> (0x00000000854e62d8) 
thrown [./open/src/hotspot/share/classfile/systemDictionary.cpp, line 226]
Event: 12.850 Thread 0x000001f045d76800 Exception <a 'java/lang/ClassNotFoundException'{0x000000008538aae8}: org/codehaus/groovy/runtime/GStringImplBeanInfo> (0x000000008538aae8) 
thrown [./open/src/hotspot/share/classfile/systemDictionary.cpp, line 226]
Event: 12.852 Thread 0x000001f045d76800 Exception <a 'java/lang/ClassNotFoundException'{0x00000000853a88b0}: org/codehaus/groovy/runtime/GStringImplCustomizer> (0x00000000853a88b0) 
thrown [./open/src/hotspot/share/classfile/systemDictionary.cpp, line 226]
Event: 13.010 Thread 0x000001f045d76800 Exception <a 'java/lang/NoSuchMethodError'{0x0000000084ce32c8}: 'java.lang.Object java.lang.invoke.DirectMethodHandle$Holder.invokeStatic(java.lang.Object, java.lang.Object, java.lang.Object, int)'> (0x0000000084ce32c8) 
thrown [./open/src/hotspot/share/interpreter/linkResolver.cpp, line 766]
Event: 13.011 Thread 0x000001f045d76800 Exception <a 'java/lang/NoSuchMethodError'{0x0000000084ce7490}: 'java.lang.Object java.lang.invoke.DirectMethodHandle$Holder.invokeSpecial(java.lang.Object, java.lang.Object, java.lang.Object, java.lang.Object, int)'> (0x0000000084ce7490) 
thrown [./open/src/hotspot/share/interpreter/linkResolver.cpp, line 766]
Event: 13.011 Thread 0x000001f045d76800 Exception <a 'java/lang/NoSuchMethodError'{0x0000000084ceaff0}: 'java.lang.Object java.lang.invoke.Invokers$Holder.linkToTargetMethod(java.lang.Object, java.lang.Object, int, java.lang.Object)'> (0x0000000084ceaff0) 
thrown [./open/src/hotspot/share/interpreter/linkResolver.cpp, line 766]
Event: 13.556 Thread 0x000001f045d76800 Exception <a 'java/lang/NoSuchMethodError'{0x00000000867f62f0}: 'void java.lang.invoke.DirectMethodHandle$Holder.invokeStatic(java.lang.Object, java.lang.Object, java.lang.Object, int, java.lang.Object)'> (0x00000000867f62f0) 
thrown [./open/src/hotspot/share/interpreter/linkResolver.cpp, line 766]

Events (20 events):
Event: 14.903 loading class java/util/concurrent/LinkedBlockingDeque$AbstractItr
Event: 14.903 loading class java/util/concurrent/LinkedBlockingDeque$AbstractItr done
Event: 14.903 loading class java/util/concurrent/LinkedBlockingDeque$Itr done
Event: 15.072 Executing VM operation: G1CollectForAllocation
Event: 15.078 Executing VM operation: G1CollectForAllocation done
Event: 15.150 Executing VM operation: G1Concurrent
Event: 15.161 Executing VM operation: G1Concurrent done
Event: 15.205 Executing VM operation: G1Concurrent
Event: 15.205 Executing VM operation: G1Concurrent done
Event: 15.291 Executing VM operation: G1CollectForAllocation
Event: 15.296 Executing VM operation: G1CollectForAllocation done
Event: 15.330 Executing VM operation: G1CollectForAllocation
Event: 15.338 Executing VM operation: G1CollectForAllocation done
Event: 15.650 Executing VM operation: G1CollectForAllocation
Event: 15.657 Executing VM operation: G1CollectForAllocation done
Event: 15.728 Executing VM operation: G1Concurrent
Event: 15.732 Executing VM operation: G1Concurrent done
Event: 15.779 Executing VM operation: G1Concurrent
Event: 15.779 Executing VM operation: G1Concurrent done
Event: 15.875 Executing VM operation: G1CollectForAllocation


Dynamic libraries:
0x00007ff67f690000 - 0x00007ff67f69f000 	C:\Program Files\Java\jdk-14.0.2\bin\java.exe
0x00007ff8b2230000 - 0x00007ff8b2425000 	C:\WINDOWS\SYSTEM32\ntdll.dll
0x00007ff8b1600000 - 0x00007ff8b16bd000 	C:\WINDOWS\System32\KERNEL32.DLL
0x00007ff8afc30000 - 0x00007ff8afef8000 	C:\WINDOWS\System32\KERNELBASE.dll
0x00007ff8afb30000 - 0x00007ff8afc30000 	C:\WINDOWS\System32\ucrtbase.dll
0x00007ff89f260000 - 0x00007ff89f278000 	C:\Program Files\Java\jdk-14.0.2\bin\jli.dll
0x00007ff8b1060000 - 0x00007ff8b110c000 	C:\WINDOWS\System32\ADVAPI32.dll
0x00007ff89eee0000 - 0x00007ff89eef5000 	C:\Program Files\Java\jdk-14.0.2\bin\VCRUNTIME140.dll
0x00007ff8b1560000 - 0x00007ff8b15fe000 	C:\WINDOWS\System32\msvcrt.dll
0x00007ff8b0d40000 - 0x00007ff8b0ddb000 	C:\WINDOWS\System32\sechost.dll
0x00007ff8b0bf0000 - 0x00007ff8b0d1b000 	C:\WINDOWS\System32\RPCRT4.dll
0x00007ff8b0ec0000 - 0x00007ff8b1060000 	C:\WINDOWS\System32\USER32.dll
0x00007ff8aff60000 - 0x00007ff8aff82000 	C:\WINDOWS\System32\win32u.dll
0x00007ff8b1530000 - 0x00007ff8b155a000 	C:\WINDOWS\System32\GDI32.dll
0x00007ff8afa20000 - 0x00007ff8afb2b000 	C:\WINDOWS\System32\gdi32full.dll
0x00007ff8b0200000 - 0x00007ff8b029d000 	C:\WINDOWS\System32\msvcp_win.dll
0x00007ff89e270000 - 0x00007ff89e50a000 	C:\WINDOWS\WinSxS\amd64_microsoft.windows.common-controls_6595b64144ccf1df_6.0.19041.1052_none_60b8f8fd71f5e8cb\COMCTL32.dll
0x00007ff8a6500000 - 0x00007ff8a650a000 	C:\WINDOWS\SYSTEM32\VERSION.dll
0x00007ff8b1c70000 - 0x00007ff8b1ca0000 	C:\WINDOWS\System32\IMM32.DLL
0x00007ff87f190000 - 0x00007ff87f22b000 	C:\Program Files\Java\jdk-14.0.2\bin\msvcp140.dll
0x00007ff877340000 - 0x00007ff877e5e000 	C:\Program Files\Java\jdk-14.0.2\bin\server\jvm.dll
0x00007ff8b0eb0000 - 0x00007ff8b0eb8000 	C:\WINDOWS\System32\PSAPI.DLL
0x00007ff8a1d90000 - 0x00007ff8a1db7000 	C:\WINDOWS\SYSTEM32\WINMM.dll
0x00007ff8ab580000 - 0x00007ff8ab589000 	C:\WINDOWS\SYSTEM32\WSOCK32.dll
0x00007ff8b0de0000 - 0x00007ff8b0e4b000 	C:\WINDOWS\System32\WS2_32.dll
0x00007ff8ae270000 - 0x00007ff8ae282000 	C:\WINDOWS\SYSTEM32\kernel.appcore.dll
0x00007ff8a0d50000 - 0x00007ff8a0d5a000 	C:\Program Files\Java\jdk-14.0.2\bin\jimage.dll
0x00007ff8ae030000 - 0x00007ff8ae214000 	C:\WINDOWS\SYSTEM32\DBGHELP.DLL
0x00007ff894a70000 - 0x00007ff894a9c000 	C:\WINDOWS\SYSTEM32\dbgcore.DLL
0x00007ff8affc0000 - 0x00007ff8b0043000 	C:\WINDOWS\System32\bcryptPrimitives.dll
0x00007ff89ced0000 - 0x00007ff89cef5000 	C:\Program Files\Java\jdk-14.0.2\bin\java.dll
0x00007ff89ceb0000 - 0x00007ff89cec6000 	C:\Program Files\Java\jdk-14.0.2\bin\zip.dll
0x00007ff8b02a0000 - 0x00007ff8b09df000 	C:\WINDOWS\System32\SHELL32.dll
0x00007ff8ad760000 - 0x00007ff8adef0000 	C:\WINDOWS\SYSTEM32\windows.storage.dll
0x00007ff8b11d0000 - 0x00007ff8b1525000 	C:\WINDOWS\System32\combase.dll
0x00007ff8af310000 - 0x00007ff8af33c000 	C:\WINDOWS\SYSTEM32\Wldp.dll
0x00007ff8b2020000 - 0x00007ff8b20ce000 	C:\WINDOWS\System32\SHCORE.dll
0x00007ff8b0e50000 - 0x00007ff8b0ea5000 	C:\WINDOWS\System32\shlwapi.dll
0x00007ff8af8b0000 - 0x00007ff8af8cf000 	C:\WINDOWS\SYSTEM32\profapi.dll
0x00007ff89cd40000 - 0x00007ff89cd59000 	C:\Program Files\Java\jdk-14.0.2\bin\net.dll
0x00007ff89d530000 - 0x00007ff89d63b000 	C:\WINDOWS\SYSTEM32\WINHTTP.dll
0x00007ff8af080000 - 0x00007ff8af0ea000 	C:\WINDOWS\system32\mswsock.dll
0x00007ff89cb50000 - 0x00007ff89cb62000 	C:\Program Files\Java\jdk-14.0.2\bin\nio.dll
0x00007ff8a0160000 - 0x00007ff8a0170000 	C:\Program Files\Java\jdk-14.0.2\bin\verify.dll
0x00007ff8a4a40000 - 0x00007ff8a4a67000 	C:\Users\XY\.gradle\native\f6784746aeab05261644944871eae4fe03e0ef1612fff0a4a95f87b438bc6780\windows-amd64\native-platform.dll
0x00007ff89efb0000 - 0x00007ff89efb9000 	C:\Program Files\Java\jdk-14.0.2\bin\management.dll
0x00007ff89d370000 - 0x00007ff89d37b000 	C:\Program Files\Java\jdk-14.0.2\bin\management_ext.dll
0x00007ff8af260000 - 0x00007ff8af278000 	C:\WINDOWS\SYSTEM32\CRYPTSP.dll
0x00007ff8aea20000 - 0x00007ff8aea54000 	C:\WINDOWS\system32\rsaenh.dll
0x00007ff8aff90000 - 0x00007ff8affb7000 	C:\WINDOWS\System32\bcrypt.dll
0x00007ff8af830000 - 0x00007ff8af85e000 	C:\WINDOWS\SYSTEM32\USERENV.dll
0x00007ff8af250000 - 0x00007ff8af25c000 	C:\WINDOWS\SYSTEM32\CRYPTBASE.dll
0x00007ff8aed70000 - 0x00007ff8aedab000 	C:\WINDOWS\SYSTEM32\IPHLPAPI.DLL
0x00007ff8b0be0000 - 0x00007ff8b0be8000 	C:\WINDOWS\System32\NSI.dll
0x00007ff8a1c40000 - 0x00007ff8a1c57000 	C:\WINDOWS\SYSTEM32\dhcpcsvc6.DLL
0x00007ff8a6530000 - 0x00007ff8a654d000 	C:\WINDOWS\SYSTEM32\dhcpcsvc.DLL
0x00007ff8aedb0000 - 0x00007ff8aee7c000 	C:\WINDOWS\SYSTEM32\DNSAPI.dll
0x00007ff8a6a40000 - 0x00007ff8a6a4b000 	C:\WINDOWS\SYSTEM32\WINNSI.DLL

dbghelp: loaded successfully - version: 4.0.5 - missing functions: none
symbol engine: initialized successfully - sym options: 0x614 - pdb path: .;C:\Program Files\Java\jdk-14.0.2\bin;C:\WINDOWS\SYSTEM32;C:\WINDOWS\WinSxS\amd64_microsoft.windows.common-controls_6595b64144ccf1df_6.0.19041.1052_none_60b8f8fd71f5e8cb;C:\Program Files\Java\jdk-14.0.2\bin\server;C:\Users\XY\.gradle\native\f6784746aeab05261644944871eae4fe03e0ef1612fff0a4a95f87b438bc6780\windows-amd64

VM Arguments:
jvm_args: --add-opens=java.base/java.util=ALL-UNNAMED --add-opens=java.base/java.lang=ALL-UNNAMED --add-opens=java.base/java.lang.invoke=ALL-UNNAMED --add-opens=java.prefs/java.util.prefs=ALL-UNNAMED -Xmx2048m -Dfile.encoding=UTF-8 -Duser.country=CN -Duser.language=zh -Duser.variant 
java_command: org.gradle.launcher.daemon.bootstrap.GradleDaemon 6.5
java_class_path (initial): C:\Users\XY\.gradle\wrapper\dists\gradle-6.5-all\2oz4ud9k3tuxjg84bbf55q0tn\gradle-6.5\lib\gradle-launcher-6.5.jar
Launcher Type: SUN_STANDARD

[Global flags]
     intx CICompilerCount                          = 4                                         {product} {ergonomic}
     uint ConcGCThreads                            = 2                                         {product} {ergonomic}
     uint G1ConcRefinementThreads                  = 8                                         {product} {ergonomic}
   size_t G1HeapRegionSize                         = 1048576                                   {product} {ergonomic}
    uintx GCDrainStackTargetSize                   = 64                                        {product} {ergonomic}
   size_t InitialHeapSize                          = 132120576                                 {product} {ergonomic}
   size_t MarkStackSize                            = 4194304                                   {product} {ergonomic}
   size_t MaxHeapSize                              = 2147483648                                {product} {command line}
   size_t MaxNewSize                               = 1287651328                                {product} {ergonomic}
   size_t MinHeapDeltaBytes                        = 1048576                                   {product} {ergonomic}
   size_t MinHeapSize                              = 8388608                                   {product} {ergonomic}
    uintx NonNMethodCodeHeapSize                   = 5839372                                {pd product} {ergonomic}
    uintx NonProfiledCodeHeapSize                  = 122909434                              {pd product} {ergonomic}
    uintx ProfiledCodeHeapSize                     = 122909434                              {pd product} {ergonomic}
    uintx ReservedCodeCacheSize                    = 251658240                              {pd product} {ergonomic}
     bool SegmentedCodeCache                       = true                                      {product} {ergonomic}
   size_t SoftMaxHeapSize                          = 2147483648                             {manageable} {ergonomic}
     bool UseCompressedClassPointers               = true                                 {lp64_product} {ergonomic}
     bool UseCompressedOops                        = true                                 {lp64_product} {ergonomic}
     bool UseG1GC                                  = true                                      {product} {ergonomic}
     bool UseLargePagesIndividualAllocation        = false                                  {pd product} {ergonomic}

Logging:
Log output configuration:
 #0: stdout all=warning uptime,level,tags
 #1: stderr all=off uptime,level,tags

Environment Variables:
JAVA_HOME=C:\Program Files\Java\jdk-14.0.2
CLASSPATH=.;C:\Program Files\Java\jdk-14.0.2\lib;C:\Program Files\Java\jdk-14.0.2\lib\tools.jar
PATH=C:\Windows\system32;C:\Windows;C:\Windows\System32\Wbem;C:\Windows\System32\WindowsPowerShell\v1.0\;C:\Program Files (x86)\NVIDIA Corporation\PhysX\Common;C:\Program Files\Android\Android Studio\jre\bin;D:\AndroidSdk\platform-tools;C:\WINDOWS\system32;C:\WINDOWS;C:\WINDOWS\System32\Wbem;C:\WINDOWS\System32\WindowsPowerShell\v1.0\;C:\Program Files\Android\Android Studio\gradle\gradle-3.2\bin;D:\Program Files\TortoiseSVN\bin;D:\Program Files\lib\apktool;D:\Program Files\apache-ant-1.10.1\bin;D:\Program Files\Git\cmd;GIT_HOME;C:\WINDOWS\System32\OpenSSH\;D:\apkTool;C:\Program Files\Java\jdk-14.0.2\bin;D:\android\apache-groovy-sdk-3.0.4\groovy-3.0.4\bin;D:\android\sdk\platform-tools;D:\note\deapk\dex2jar-2.0;C:\Users\XY\AppData\Local\Microsoft\WindowsApps;;D:\Users\XY\AppData\Local\Programs\Fiddler;%USERPROFILE%\AppData\Local\Microsoft\WindowsApps
USERNAME=XY
OS=Windows_NT
PROCESSOR_IDENTIFIER=Intel64 Family 6 Model 142 Stepping 10, GenuineIntel



---------------  S Y S T E M  ---------------

OS: Windows 10 , 64 bit Build 19041 (10.0.19041.1023)
OS uptime: 20 days 2:57 hours

CPU:total 8 (initial active 8) (4 cores per cpu, 2 threads per core) family 6 model 142 stepping 10, cmov, cx8, fxsr, mmx, sse, sse2, sse3, ssse3, sse4.1, sse4.2, popcnt, avx, avx2, aes, clmul, erms, 3dnowpref, lzcnt, ht, tsc, tscinvbit, bmi1, bmi2, adx, fma

Memory: 4k page, system-wide physical 8058M (320M free)
TotalPageFile size 15481M (AvailPageFile size 15M)
current process WorkingSet (physical memory assigned to process): 384M, peak: 384M
current process commit charge ("private bytes"): 507M, peak: 538M

vm_info: Java HotSpot(TM) 64-Bit Server VM (14.0.2+12-46) for windows-amd64 JRE (14.0.2+12-46), built on Jul  9 2020 00:35:52 by "mach5one" with MS VC++ 15.9 (VS2017)

END.
